    1           0 
    2           0 
    3           0 
    4           0 
    5           0 
    6           0 
    7           0 
    8           0 
    9           0 
   10           0 
   11           0 
   12           0 
   13           0 
   14           0 
   15           0 
   16           0 
   17           0 
   18           0 
   19           0 
   20           0 
   21           0 
   22           0 
   23           0 
   24           3 
   25          55 
   26          67 
   27          64 
   28          73 
   29          87 
   30          91 
   31          80 
   32          87 
   33          92 
   34         107 
   35         124 
   36         142 
   37         149 
   38         153 
   39         148 
   40         174 
   41         214 
   42         215 
   43         233 
   44         231 
   45         260 
   46         278 
   47         303 
   48         357 
   49         351 
   50         379 
   51         452 
   52         444 
   53         472 
   54         549 
   55         576 
   56         641 
   57         669 
   58         705 
   59         772 
   60         813 
   61         882 
   62         940 
   63        1010 
   64        1137 
   65        1138 
   66        1238 
   67        1359 
   68        1366 
   69        1424 
   70        1571 
   71        1675 
   72        1741 
   73        1875 
   74        1970 
   75        2019 
   76        2153 
   77        2309 
   78        2429 
   79        2457 
   80        2699 
   81        2844 
   82        3013 
   83        3000 
   84        3221 
   85        3290 
   86        3550 
   87        3491 
   88        3693 
   89        3778 
   90        4022 
   91        4128 
   92        4255 
   93        4343 
   94        4478 
   95        4455 
   96        4591 
   97        4769 
   98        4618 
   99        4665 
  100        4590 
  101        4650 
  102        4451 
  103        4465 
  104        4390 
  105        4129 
  106        4151 
  107        3934 
  108        3724 
  109        3543 
  110        3462 
  111        3302 
  112        3123 
  113        2807 
  114        2641 
  115        2364 
  116        2267 
  117        2084 
  118        2051 
  119        1787 
  120        1705 
  121        1586 
  122        1505 
  123        1481 
  124        1413 
  125        1184 
  126        1245 
  127        1167 
  128        1140 
  129        1114 
  130        1066 
  131        1041 
  132        1062 
  133        1084 
  134        1028 
  135        1047 
  136        1045 
  137        1058 
  138        1041 
  139        1012 
  140        1011 
  141        1012 
  142         960 
  143         992 
  144         960 
  145         962 
  146         976 
  147         925 
  148         950 
  149         853 
  150         878 
  151         862 
  152         839 
  153         765 
  154         815 
  155         796 
  156         777 
  157         727 
  158         732 
  159         661 
  160         700 
  161         711 
  162         675 
  163         732 
  164         691 
  165         686 
  166         680 
  167         643 
  168         679 
  169         594 
  170         629 
  171         637 
  172         659 
  173         635 
  174         638 
  175         585 
  176         592 
  177         633 
  178         609 
  179         573 
  180         568 
  181         557 
  182         549 
  183         587 
  184         545 
  185         585 
  186         558 
  187         570 
  188         586 
  189         578 
  190         561 
  191         535 
  192         591 
  193         608 
  194         582 
  195         550 
  196         588 
  197         600 
  198         547 
  199         518 
  200         554 
  201         551 
  202         552 
  203         584 
  204         577 
  205         544 
  206         513 
  207         573 
  208         545 
  209         558 
  210         556 
  211         520 
  212         556 
  213         498 
  214         480 
  215         522 
  216         513 
  217         508 
  218         501 
  219         489 
  220         513 
  221         510 
  222         515 
  223         501 
  224         530 
  225         492 
  226         483 
  227         477 
  228         484 
  229         506 
  230         509 
  231         466 
  232         469 
  233         484 
  234         487 
  235         495 
  236         438 
  237         474 
  238         447 
  239         455 
  240         463 
  241         487 
  242         478 
  243         465 
  244         494 
  245         483 
  246         455 
  247         485 
  248         457 
  249         467 
  250         434 
  251         441 
  252         443 
  253         472 
  254         457 
  255         431 
  256         460 
  257         450 
  258         464 
  259         469 
  260         469 
  261         462 
  262         417 
  263         445 
  264         458 
  265         441 
  266         442 
  267         443 
  268         447 
  269         453 
  270         456 
  271         453 
  272         483 
  273         449 
  274         468 
  275         419 
  276         421 
  277         429 
  278         420 
  279         423 
  280         463 
  281         448 
  282         438 
  283         419 
  284         457 
  285         413 
  286         420 
  287         442 
  288         432 
  289         427 
  290         397 
  291         422 
  292         424 
  293         444 
  294         443 
  295         426 
  296         411 
  297         414 
  298         459 
  299         405 
  300         448 
  301         418 
  302         412 
  303         372 
  304         428 
  305         417 
  306         378 
  307         390 
  308         410 
  309         392 
  310         384 
  311         378 
  312         370 
  313         375 
  314         407 
  315         362 
  316         361 
  317         376 
  318         365 
  319         365 
  320         367 
  321         360 
  322         373 
  323         349 
  324         348 
  325         371 
  326         333 
  327         339 
  328         302 
  329         328 
  330         338 
  331         355 
  332         383 
  333         333 
  334         343 
  335         315 
  336         326 
  337         331 
  338         352 
  339         342 
  340         334 
  341         325 
  342         361 
  343         342 
  344         326 
  345         288 
  346         338 
  347         331 
  348         378 
  349         331 
  350         311 
  351         344 
  352         322 
  353         314 
  354         301 
  355         315 
  356         318 
  357         327 
  358         312 
  359         331 
  360         326 
  361         304 
  362         284 
  363         308 
  364         280 
  365         320 
  366         322 
  367         294 
  368         298 
  369         296 
  370         326 
  371         294 
  372         302 
  373         309 
  374         287 
  375         294 
  376         283 
  377         276 
  378         277 
  379         309 
  380         269 
  381         297 
  382         263 
  383         252 
  384         259 
  385         251 
  386         271 
  387         273 
  388         247 
  389         237 
  390         231 
  391         266 
  392         233 
  393         224 
  394         252 
  395         217 
  396         213 
  397         240 
  398         214 
  399         180 
  400         189 
  401         218 
  402         207 
  403         192 
  404         198 
  405         198 
  406         205 
  407         194 
  408         175 
  409         226 
  410         194 
  411         184 
  412         179 
  413         191 
  414         167 
  415         162 
  416         179 
  417         177 
  418         148 
  419         174 
  420         151 
  421         141 
  422         152 
  423         137 
  424         160 
  425         172 
  426         156 
  427         160 
  428         144 
  429         166 
  430         157 
  431         145 
  432         148 
  433         148 
  434         122 
  435         135 
  436         147 
  437         131 
  438         133 
  439         123 
  440         132 
  441         143 
  442         141 
  443         134 
  444         138 
  445         138 
  446          98 
  447         136 
  448         125 
  449         141 
  450         141 
  451         112 
  452         125 
  453         141 
  454         133 
  455         129 
  456         123 
  457         133 
  458         131 
  459         117 
  460         136 
  461         120 
  462         123 
  463         111 
  464         119 
  465         114 
  466         116 
  467         121 
  468         113 
  469         144 
  470         127 
  471         134 
  472         120 
  473         116 
  474         134 
  475         124 
  476         113 
  477         134 
  478         114 
  479         117 
  480         127 
  481         118 
  482         127 
  483         131 
  484         130 
  485         120 
  486         144 
  487         121 
  488         106 
  489         131 
  490         131 
  491         128 
  492         128 
  493         139 
  494         142 
  495         121 
  496         138 
  497         127 
  498         115 
  499         100 
  500         117 
  501         123 
  502         110 
  503         125 
  504         103 
  505         112 
  506         136 
  507         104 
  508         122 
  509         113 
  510         115 
  511         113 
  512         125 
  513         122 
  514         122 
  515         116 
  516         120 
  517         139 
  518         124 
  519         108 
  520         118 
  521         117 
  522         104 
  523         103 
  524         131 
  525         112 
  526         113 
  527         115 
  528          98 
  529         123 
  530         113 
  531         106 
  532         115 
  533         121 
  534         104 
  535         115 
  536         100 
  537         111 
  538         113 
  539         128 
  540         106 
  541         130 
  542         117 
  543         131 
  544         110 
  545         119 
  546         106 
  547         113 
  548         110 
  549         121 
  550         105 
  551         127 
  552         133 
  553         132 
  554         120 
  555         147 
  556         111 
  557         126 
  558         146 
  559         128 
  560         120 
  561         134 
  562         161 
  563         122 
  564         141 
  565         165 
  566         138 
  567         141 
  568         166 
  569         180 
  570         153 
  571         156 
  572         171 
  573         169 
  574         171 
  575         167 
  576         205 
  577         218 
  578         178 
  579         194 
  580         188 
  581         194 
  582         195 
  583         218 
  584         236 
  585         216 
  586         207 
  587         229 
  588         221 
  589         235 
  590         262 
  591         226 
  592         243 
  593         241 
  594         229 
  595         256 
  596         261 
  597         273 
  598         276 
  599         298 
  600         291 
  601         280 
  602         300 
  603         310 
  604         282 
  605         296 
  606         326 
  607         304 
  608         288 
  609         333 
  610         307 
  611         304 
  612         358 
  613         309 
  614         315 
  615         316 
  616         340 
  617         344 
  618         346 
  619         361 
  620         345 
  621         363 
  622         348 
  623         388 
  624         343 
  625         344 
  626         333 
  627         361 
  628         389 
  629         369 
  630         364 
  631         386 
  632         361 
  633         383 
  634         341 
  635         368 
  636         379 
  637         345 
  638         357 
  639         367 
  640         314 
  641         357 
  642         312 
  643         347 
  644         268 
  645         287 
  646         324 
  647         256 
  648         261 
  649         273 
  650         263 
  651         264 
  652         246 
  653         204 
  654         227 
  655         188 
  656         200 
  657         189 
  658         183 
  659         185 
  660         162 
  661         145 
  662         141 
  663         145 
  664         130 
  665         125 
  666         125 
  667         121 
  668         104 
  669          88 
  670          87 
  671          85 
  672          76 
  673          80 
  674          50 
  675          55 
  676          48 
  677          45 
  678          45 
  679          43 
  680          46 
  681          34 
  682          46 
  683          46 
  684          40 
  685          23 
  686          28 
  687          30 
  688          25 
  689          31 
  690          23 
  691          19 
  692          30 
  693          23 
  694          14 
  695          16 
  696          21 
  697          18 
  698          16 
  699          25 
  700          27 
  701          16 
  702          29 
  703          27 
  704          18 
  705          26 
  706          26 
  707          23 
  708          30 
  709          20 
  710          29 
  711          23 
  712          24 
  713          23 
  714          28 
  715          22 
  716          18 
  717          37 
  718          24 
  719          25 
  720          28 
  721          34 
  722          20 
  723          30 
  724          25 
  725          32 
  726          24 
  727          28 
  728          34 
  729          32 
  730          25 
  731          32 
  732          27 
  733          31 
  734          32 
  735          21 
  736          19 
  737          26 
  738          26 
  739          42 
  740          24 
  741          31 
  742          19 
  743          29 
  744          17 
  745          42 
  746          21 
  747          19 
  748          25 
  749          23 
  750          25 
  751          25 
  752          27 
  753          20 
  754          27 
  755          25 
  756          23 
  757          18 
  758          23 
  759          32 
  760          16 
  761          14 
  762          23 
  763          22 
  764          23 
  765          23 
  766          14 
  767          18 
  768          23 
  769          21 
  770          24 
  771           9 
  772          24 
  773          18 
  774          20 
  775          12 
  776          15 
  777          26 
  778          22 
  779          24 
  780          17 
  781          15 
  782          24 
  783          40 
  784          36 
  785          27 
  786          28 
  787          21 
  788          40 
  789          25 
  790          30 
  791          19 
  792          26 
  793          34 
  794          39 
  795          22 
  796          25 
  797          24 
  798          30 
  799          35 
  800          44 
  801          38 
  802          41 
  803          42 
  804          40 
  805          40 
  806          30 
  807          31 
  808          43 
  809          53 
  810          45 
  811          46 
  812          41 
  813          44 
  814          51 
  815          48 
  816          47 
  817          57 
  818          47 
  819          59 
  820          42 
  821          63 
  822          50 
  823          61 
  824          76 
  825          61 
  826          62 
  827          59 
  828          78 
  829          61 
  830          52 
  831          74 
  832          80 
  833          69 
  834          71 
  835          80 
  836          61 
  837          63 
  838          85 
  839          82 
  840          63 
  841          71 
  842          73 
  843          61 
  844          69 
  845          78 
  846          60 
  847          76 
  848          62 
  849          79 
  850          50 
  851          60 
  852          61 
  853          65 
  854          66 
  855          78 
  856          63 
  857          56 
  858          46 
  859          43 
  860          51 
  861          48 
  862          44 
  863          46 
  864          41 
  865          31 
  866          35 
  867          43 
  868          19 
  869          30 
  870          36 
  871          37 
  872          29 
  873          30 
  874          23 
  875          32 
  876          21 
  877          16 
  878          20 
  879          12 
  880          16 
  881          19 
  882          15 
  883          15 
  884          14 
  885          13 
  886           9 
  887           9 
  888           7 
  889           8 
  890           8 
  891           3 
  892           7 
  893           5 
  894           8 
  895           8 
  896           5 
  897           2 
  898           7 
  899           3 
  900           1 
  901           7 
  902           2 
  903           4 
  904           1 
  905           3 
  906           3 
  907           3 
  908           2 
  909           1 
  910           2 
  911           1 
  912           3 
  913           7 
  914           3 
  915           5 
  916           4 
  917           4 
  918           3 
  919           4 
  920           5 
  921           2 
  922           2 
  923           3 
  924           2 
  925           1 
  926           5 
  927           3 
  928           4 
  929           1 
  930           7 
  931           1 
  932           4 
  933           3 
  934           3 
  935           0 
  936           4 
  937           2 
  938           5 
  939           5 
  940           2 
  941           5 
  942           4 
  943           4 
  944           7 
  945           3 
  946           0 
  947           3 
  948           2 
  949           3 
  950           5 
  951           2 
  952           1 
  953           5 
  954           2 
  955           1 
  956           2 
  957           6 
  958           2 
  959           5 
  960           3 
  961           2 
  962           0 
  963           5 
  964           2 
  965           3 
  966           2 
  967           3 
  968           3 
  969           1 
  970           2 
  971           3 
  972           1 
  973           0 
  974           1 
  975           1 
  976           1 
  977           0 
  978           0 
  979           3 
  980           1 
  981           3 
  982           0 
  983           0 
  984           1 
  985           2 
  986           0 
  987           0 
  988           0 
  989           0 
  990           1 
  991           0 
  992           0 
  993           0 
  994           0 
  995           0 
  996           0 
  997           0 
  998           0 
  999           0 
 1000           0 
 1001           0 
 1002           0 
 1003           0 
 1004           0 
 1005           0 
 1006           0 
 1007           0 
 1008           0 
 1009           0 
 1010           0 
 1011           0 
 1012           0 
 1013           0 
 1014           0 
 1015           0 
 1016           0 
 1017           0 
 1018           0 
 1019           0 
 1020           0 
 1021           0 
 1022           0 
 1023           0 
 1024           0 
 1025           0 
 1026           0 
 1027           0 
 1028           0 
 1029           0 
 1030           0 
 1031           0 
 1032           0 
 1033           0 
 1034           0 
 1035           0 
 1036           0 
 1037           0 
 1038           0 
 1039           0 
 1040           0 
 1041           0 
 1042           0 
 1043           0 
 1044           0 
 1045           0 
 1046           1 
 1047           0 
 1048           0 
 1049           0 
 1050           0 
 1051           0 
 1052           0 
 1053           0 
 1054           0 
 1055           0 
 1056           0 
 1057           0 
 1058           0 
 1059           0 
 1060           0 
 1061           1 
 1062           1 
 1063           0 
 1064           0 
 1065           0 
 1066           0 
 1067           0 
 1068           0 
 1069           0 
 1070           0 
 1071           0 
 1072           0 
 1073           0 
 1074           0 
 1075           0 
 1076           0 
 1077           0 
 1078           0 
 1079           0 
 1080           0 
 1081           0 
 1082           0 
 1083           0 
 1084           0 
 1085           0 
 1086           0 
 1087           0 
 1088           0 
 1089           0 
 1090           0 
 1091           0 
 1092           0 
 1093           0 
 1094           0 
 1095           0 
 1096           0 
 1097           0 
 1098           0 
 1099           0 
 1100           0 
 1101           0 
 1102           0 
 1103           0 
 1104           0 
 1105           0 
 1106           0 
 1107           0 
 1108           0 
 1109           0 
 1110           0 
 1111           0 
 1112           0 
 1113           0 
 1114           0 
 1115           0 
 1116           0 
 1117           0 
 1118           0 
 1119           0 
 1120           0 
 1121           0 
 1122           0 
 1123           0 
 1124           0 
 1125           0 
 1126           0 
 1127           0 
 1128           0 
 1129           0 
 1130           0 
 1131           0 
 1132           0 
 1133           0 
 1134           0 
 1135           0 
 1136           0 
 1137           0 
 1138           0 
 1139           0 
 1140           0 
 1141           0 
 1142           0 
 1143           0 
 1144           0 
 1145           0 
 1146           0 
 1147           1 
 1148           0 
 1149           0 
 1150           0 
 1151           0 
 1152           0 
 1153           0 
 1154           1 
 1155           0 
 1156           0 
 1157           0 
 1158           0 
 1159           0 
 1160           0 
 1161           0 
 1162           0 
 1163           0 
 1164           0 
 1165           0 
 1166           0 
 1167           0 
 1168           0 
 1169           0 
 1170           0 
 1171           0 
 1172           0 
 1173           0 
 1174           0 
 1175           0 
 1176           0 
 1177           0 
 1178           0 
 1179           0 
 1180           0 
 1181           0 
 1182           0 
 1183           0 
 1184           0 
 1185           0 
 1186           0 
 1187           0 
 1188           0 
 1189           0 
 1190           0 
 1191           1 
 1192           0 
 1193           0 
 1194           0 
 1195           0 
 1196           0 
 1197           0 
 1198           0 
 1199           0 
 1200           0 
 1201           0 
 1202           0 
 1203           0 
 1204           0 
 1205           0 
 1206           0 
 1207           0 
 1208           0 
 1209           0 
 1210           0 
 1211           0 
 1212           0 
 1213           0 
 1214           0 
 1215           0 
 1216           0 
 1217           0 
 1218           0 
 1219           0 
 1220           0 
 1221           0 
 1222           0 
 1223           0 
 1224           0 
 1225           0 
 1226           0 
 1227           0 
 1228           0 
 1229           0 
 1230           0 
 1231           0 
 1232           0 
 1233           0 
 1234           0 
 1235           0 
 1236           0 
 1237           0 
 1238           0 
 1239           0 
 1240           0 
 1241           0 
 1242           0 
 1243           0 
 1244           0 
 1245           0 
 1246           0 
 1247           0 
 1248           0 
 1249           0 
 1250           0 
 1251           0 
 1252           0 
 1253           0 
 1254           0 
 1255           1 
 1256           0 
 1257           0 
 1258           0 
 1259           0 
 1260           0 
 1261           0 
 1262           0 
 1263           0 
 1264           0 
 1265           0 
 1266           0 
 1267           0 
 1268           0 
 1269           0 
 1270           0 
 1271           0 
 1272           0 
 1273           0 
 1274           0 
 1275           0 
 1276           0 
 1277           0 
 1278           0 
 1279           0 
 1280           0 
 1281           0 
 1282           0 
 1283           0 
 1284           0 
 1285           0 
 1286           0 
 1287           0 
 1288           0 
 1289           0 
 1290           0 
 1291           0 
 1292           0 
 1293           0 
 1294           0 
 1295           1 
 1296           0 
 1297           0 
 1298           0 
 1299           0 
 1300           0 
 1301           0 
 1302           0 
 1303           0 
 1304           0 
 1305           0 
 1306           0 
 1307           0 
 1308           0 
 1309           0 
 1310           0 
 1311           0 
 1312           0 
 1313           0 
 1314           0 
 1315           0 
 1316           0 
 1317           0 
 1318           0 
 1319           0 
 1320           0 
 1321           0 
 1322           0 
 1323           0 
 1324           0 
 1325           0 
 1326           0 
 1327           0 
 1328           0 
 1329           0 
 1330           0 
 1331           0 
 1332           0 
 1333           0 
 1334           0 
 1335           0 
 1336           0 
 1337           1 
 1338           0 
 1339           0 
 1340           0 
 1341           0 
 1342           0 
 1343           0 
 1344           0 
 1345           0 
 1346           0 
 1347           0 
 1348           0 
 1349           0 
 1350           0 
 1351           0 
 1352           0 
 1353           0 
 1354           0 
 1355           0 
 1356           0 
 1357           0 
 1358           0 
 1359           0 
 1360           0 
 1361           0 
 1362           0 
 1363           0 
 1364           0 
 1365           0 
 1366           0 
 1367           0 
 1368           0 
 1369           0 
 1370           0 
 1371           0 
 1372           0 
 1373           0 
 1374           0 
 1375           0 
 1376           0 
 1377           0 
 1378           0 
 1379           0 
 1380           0 
 1381           0 
 1382           0 
 1383           0 
 1384           0 
 1385           0 
 1386           0 
 1387           0 
 1388           0 
 1389           0 
 1390           0 
 1391           0 
 1392           0 
 1393           0 
 1394           0 
 1395           0 
 1396           0 
 1397           0 
 1398           0 
 1399           0 
 1400           0 
 1401           0 
 1402           0 
 1403           0 
 1404           0 
 1405           0 
 1406           0 
 1407           0 
 1408           0 
 1409           0 
 1410           0 
 1411           0 
 1412           0 
 1413           0 
 1414           0 
 1415           0 
 1416           0 
 1417           0 
 1418           0 
 1419           0 
 1420           0 
 1421           0 
 1422           0 
 1423           0 
 1424           0 
 1425           0 
 1426           0 
 1427           0 
 1428           0 
 1429           0 
 1430           0 
 1431           0 
 1432           1 
 1433           0 
 1434           0 
 1435           0 
 1436           0 
 1437           0 
 1438           0 
 1439           0 
 1440           0 
 1441           0 
 1442           0 
 1443           0 
 1444           0 
 1445           0 
 1446           0 
 1447           0 
 1448           0 
 1449           0 
 1450           0 
 1451           0 
 1452           0 
 1453           0 
 1454           0 
 1455           0 
 1456           0 
 1457           0 
 1458           0 
 1459           0 
 1460           0 
 1461           0 
 1462           0 
 1463           0 
 1464           0 
 1465           0 
 1466           0 
 1467           0 
 1468           0 
 1469           0 
 1470           0 
 1471           0 
 1472           0 
 1473           0 
 1474           0 
 1475           0 
 1476           0 
 1477           0 
 1478           0 
 1479           0 
 1480           0 
 1481           0 
 1482           0 
 1483           0 
 1484           0 
 1485           0 
 1486           0 
 1487           0 
 1488           0 
 1489           0 
 1490           0 
 1491           0 
 1492           0 
 1493           0 
 1494           0 
 1495           0 
 1496           0 
 1497           0 
 1498           0 
 1499           0 
 1500           0 
 1501           0 
 1502           0 
 1503           0 
 1504           0 
 1505           0 
 1506           0 
 1507           0 
 1508           0 
 1509           0 
 1510           0 
 1511           0 
 1512           0 
 1513           0 
 1514           0 
 1515           0 
 1516           0 
 1517           0 
 1518           0 
 1519           0 
 1520           0 
 1521           0 
 1522           0 
 1523           0 
 1524           0 
 1525           0 
 1526           0 
 1527           0 
 1528           0 
 1529           0 
 1530           0 
 1531           0 
 1532           0 
 1533           0 
 1534           0 
 1535           0 
 1536           0 
 1537           0 
 1538           0 
 1539           0 
 1540           0 
 1541           0 
 1542           0 
 1543           0 
 1544           0 
 1545           0 
 1546           0 
 1547           0 
 1548           0 
 1549           0 
 1550           0 
 1551           0 
 1552           0 
 1553           0 
 1554           0 
 1555           0 
 1556           0 
 1557           0 
 1558           0 
 1559           0 
 1560           0 
 1561           0 
 1562           0 
 1563           0 
 1564           0 
 1565           0 
 1566           0 
 1567           0 
 1568           0 
 1569           0 
 1570           0 
 1571           0 
 1572           0 
 1573           0 
 1574           0 
 1575           0 
 1576           0 
 1577           0 
 1578           0 
 1579           0 
 1580           0 
 1581           0 
 1582           0 
 1583           0 
 1584           0 
 1585           0 
 1586           0 
 1587           0 
 1588           0 
 1589           0 
 1590           0 
 1591           0 
 1592           0 
 1593           0 
 1594           0 
 1595           0 
 1596           0 
 1597           0 
 1598           0 
 1599           0 
 1600           0 
 1601           0 
 1602           0 
 1603           0 
 1604           0 
 1605           0 
 1606           0 
 1607           0 
 1608           0 
 1609           0 
 1610           0 
 1611           0 
 1612           0 
 1613           0 
 1614           0 
 1615           0 
 1616           0 
 1617           0 
 1618           0 
 1619           0 
 1620           0 
 1621           0 
 1622           0 
 1623           0 
 1624           0 
 1625           0 
 1626           0 
 1627           0 
 1628           0 
 1629           0 
 1630           0 
 1631           0 
 1632           0 
 1633           0 
 1634           0 
 1635           0 
 1636           0 
 1637           0 
 1638           0 
 1639           0 
 1640           0 
 1641           0 
 1642           0 
 1643           0 
 1644           0 
 1645           0 
 1646           0 
 1647           0 
 1648           0 
 1649           0 
 1650           0 
 1651           0 
 1652           0 
 1653           0 
 1654           0 
 1655           0 
 1656           0 
 1657           0 
 1658           0 
 1659           0 
 1660           0 
 1661           0 
 1662           0 
 1663           0 
 1664           0 
 1665           0 
 1666           0 
 1667           0 
 1668           0 
 1669           0 
 1670           0 
 1671           0 
 1672           0 
 1673           0 
 1674           0 
 1675           0 
 1676           0 
 1677           0 
 1678           0 
 1679           0 
 1680           0 
 1681           0 
 1682           0 
 1683           0 
 1684           0 
 1685           0 
 1686           0 
 1687           0 
 1688           0 
 1689           0 
 1690           0 
 1691           0 
 1692           0 
 1693           0 
 1694           0 
 1695           0 
 1696           0 
 1697           0 
 1698           0 
 1699           0 
 1700           0 
 1701           0 
 1702           0 
 1703           0 
 1704           0 
 1705           0 
 1706           0 
 1707           0 
 1708           0 
 1709           0 
 1710           0 
 1711           0 
 1712           0 
 1713           0 
 1714           0 
 1715           0 
 1716           0 
 1717           0 
 1718           0 
 1719           0 
 1720           0 
 1721           0 
 1722           0 
 1723           0 
 1724           0 
 1725           0 
 1726           0 
 1727           0 
 1728           0 
 1729           0 
 1730           0 
 1731           0 
 1732           0 
 1733           0 
 1734           0 
 1735           0 
 1736           0 
 1737           0 
 1738           0 
 1739           0 
 1740           0 
 1741           0 
 1742           0 
 1743           0 
 1744           0 
 1745           0 
 1746           0 
 1747           0 
 1748           0 
 1749           0 
 1750           0 
 1751           0 
 1752           0 
 1753           0 
 1754           0 
 1755           0 
 1756           0 
 1757           0 
 1758           0 
 1759           0 
 1760           0 
 1761           0 
 1762           0 
 1763           0 
 1764           0 
 1765           0 
 1766           0 
 1767           0 
 1768           0 
 1769           0 
 1770           0 
 1771           0 
 1772           0 
 1773           0 
 1774           0 
 1775           0 
 1776           0 
 1777           0 
 1778           0 
 1779           0 
 1780           0 
 1781           0 
 1782           0 
 1783           0 
 1784           0 
 1785           0 
 1786           0 
 1787           0 
 1788           0 
 1789           0 
 1790           0 
 1791           0 
 1792           0 
 1793           0 
 1794           0 
 1795           0 
 1796           0 
 1797           0 
 1798           0 
 1799           0 
 1800           0 
 1801           0 
 1802           0 
 1803           0 
 1804           0 
 1805           0 
 1806           0 
 1807           0 
 1808           0 
 1809           0 
 1810           0 
 1811           0 
 1812           0 
 1813           0 
 1814           0 
 1815           0 
 1816           0 
 1817           0 
 1818           0 
 1819           0 
 1820           0 
 1821           0 
 1822           0 
 1823           0 
 1824           0 
 1825           0 
 1826           0 
 1827           0 
 1828           0 
 1829           0 
 1830           0 
 1831           0 
 1832           0 
 1833           0 
 1834           0 
 1835           0 
 1836           0 
 1837           0 
 1838           0 
 1839           0 
 1840           0 
 1841           0 
 1842           0 
 1843           0 
 1844           0 
 1845           0 
 1846           0 
 1847           0 
 1848           0 
 1849           0 
 1850           0 
 1851           0 
 1852           0 
 1853           0 
 1854           0 
 1855           0 
 1856           0 
 1857           0 
 1858           0 
 1859           0 
 1860           0 
 1861           0 
 1862           0 
 1863           0 
 1864           0 
 1865           0 
 1866           0 
 1867           0 
 1868           0 
 1869           0 
 1870           0 
 1871           0 
 1872           0 
 1873           0 
 1874           0 
 1875           0 
 1876           0 
 1877           0 
 1878           0 
 1879           0 
 1880           0 
 1881           0 
 1882           0 
 1883           0 
 1884           0 
 1885           0 
 1886           0 
 1887           0 
 1888           0 
 1889           0 
 1890           0 
 1891           0 
 1892           0 
 1893           0 
 1894           0 
 1895           0 
 1896           0 
 1897           0 
 1898           0 
 1899           0 
 1900           0 
 1901           0 
 1902           0 
 1903           0 
 1904           0 
 1905           0 
 1906           0 
 1907           0 
 1908           0 
 1909           0 
 1910           0 
 1911           0 
 1912           0 
 1913           0 
 1914           0 
 1915           0 
 1916           0 
 1917           0 
 1918           0 
 1919           0 
 1920           0 
 1921           0 
 1922           0 
 1923           0 
 1924           0 
 1925           0 
 1926           0 
 1927           0 
 1928           0 
 1929           0 
 1930           0 
 1931           0 
 1932           0 
 1933           0 
 1934           0 
 1935           0 
 1936           0 
 1937           0 
 1938           0 
 1939           0 
 1940           0 
 1941           0 
 1942           0 
 1943           0 
 1944           0 
 1945           0 
 1946           0 
 1947           0 
 1948           0 
 1949           0 
 1950           0 
 1951           0 
 1952           0 
 1953           0 
 1954           0 
 1955           0 
 1956           0 
 1957           0 
 1958           0 
 1959           0 
 1960           0 
 1961           0 
 1962           0 
 1963           0 
 1964           0 
 1965           0 
 1966           0 
 1967           0 
 1968           0 
 1969           0 
 1970           0 
 1971           0 
 1972           0 
 1973           0 
 1974           0 
 1975           0 
 1976           0 
 1977           0 
 1978           0 
 1979           0 
 1980           0 
 1981           0 
 1982           0 
 1983           0 
 1984           0 
 1985           0 
 1986           0 
 1987           0 
 1988           0 
 1989           0 
 1990           0 
 1991           0 
 1992           0 
 1993           0 
 1994           0 
 1995           0 
 1996           0 
 1997           0 
 1998           0 
 1999           0 
 2000           0 
 2001           0 
 2002           0 
 2003           0 
 2004           0 
 2005           0 
 2006           0 
 2007           0 
 2008           0 
 2009           0 
 2010           0 
 2011           0 
 2012           0 
 2013           0 
 2014           0 
 2015           0 
 2016           0 
 2017           0 
 2018           0 
 2019           0 
 2020           0 
 2021           0 
 2022           0 
 2023           0 
 2024           0 
 2025           0 
 2026           0 
 2027           0 
 2028           0 
 2029           0 
 2030           0 
 2031           0 
 2032           0 
 2033           0 
 2034           0 
 2035           0 
 2036           0 
 2037           0 
 2038           0 
 2039           0 
 2040           0 
 2041           0 
 2042           0 
 2043           0 
 2044           0 
 2045           0 
 2046           0 
 2047           0 
 2048           0 
