    1        6162 
    2        6009 
    3        6038 
    4        6225 
    5        6020 
    6        6038 
    7        6069 
    8        5960 
    9        6134 
   10        5956 
   11        5940 
   12        5993 
   13        6045 
   14        6119 
   15        6060 
   16        5990 
   17        6075 
   18        6215 
   19        6111 
   20        5982 
   21        5942 
   22        5911 
   23        6078 
   24        6046 
   25        6167 
   26        6087 
   27        6155 
   28        6020 
   29        6109 
   30        6037 
   31        5953 
   32        6057 
   33        6128 
   34        5988 
   35        6250 
   36        6008 
   37        5965 
   38        6235 
   39        6094 
   40        6068 
   41        6011 
   42        6147 
   43        6267 
   44        6047 
   45        5975 
   46        5928 
   47        6053 
   48        5877 
   49        6175 
   50        6018 
   51        6187 
   52        6108 
   53        6147 
   54        5902 
   55        6076 
   56        5986 
   57        5979 
   58        6027 
   59        6080 
   60        6084 
   61        6113 
   62        6130 
   63        6099 
   64        6043 
   65        5971 
   66        6130 
   67        6033 
   68        6175 
   69        6197 
   70        6115 
   71        5978 
   72        6119 
   73        6067 
   74        6117 
   75        6104 
   76        6139 
   77        6048 
   78        6092 
   79        6071 
   80        6034 
   81        6193 
   82        6114 
   83        6066 
   84        6028 
   85        5992 
   86        6151 
   87        6027 
   88        6086 
   89        6045 
   90        6104 
   91        5919 
   92        6129 
   93        6178 
   94        5963 
   95        6153 
   96        6066 
   97        6128 
   98        6230 
   99        6133 
  100        6112 
  101        5956 
  102        5951 
  103        6047 
  104        6081 
  105        6132 
  106        6115 
  107        5953 
  108        6164 
  109        6074 
  110        6078 
  111        6131 
  112        6099 
  113        6147 
  114        6073 
  115        6058 
  116        6208 
  117        6076 
  118        6052 
  119        6086 
  120        6124 
  121        5891 
  122        6163 
  123        5987 
  124        6060 
  125        6124 
  126        6019 
  127        6169 
  128        5971 
  129        5952 
  130        6073 
  131        6001 
  132        6206 
  133        6271 
  134        6143 
  135        6139 
  136        6092 
  137        6121 
  138        6229 
  139        6070 
  140        6054 
  141        6154 
  142        6048 
  143        6108 
  144        6129 
  145        6042 
  146        6212 
  147        6091 
  148        6214 
  149        6105 
  150        6145 
  151        6006 
  152        6146 
  153        5881 
  154        6115 
  155        6036 
  156        6140 
  157        6065 
  158        6096 
  159        6080 
  160        6152 
  161        6064 
  162        6148 
  163        6064 
  164        6051 
  165        6044 
  166        6076 
  167        6082 
  168        6200 
  169        6101 
  170        6073 
  171        6066 
  172        6142 
  173        6224 
  174        6018 
  175        6051 
  176        6117 
  177        6032 
  178        6164 
  179        6072 
  180        6036 
  181        6142 
  182        6127 
  183        6030 
  184        6167 
  185        6218 
  186        6119 
  187        6177 
  188        6055 
  189        6046 
  190        6131 
  191        6162 
  192        6003 
  193        5922 
  194        5999 
  195        6090 
  196        6143 
  197        6218 
  198        6103 
  199        6042 
  200        6107 
  201        6094 
  202        6096 
  203        6219 
  204        5989 
  205        6012 
  206        6132 
  207        6116 
  208        5952 
  209        5843 
  210        6044 
  211        6039 
  212        5988 
  213        6128 
  214        6107 
  215        6118 
  216        6133 
  217        6133 
  218        6039 
  219        6098 
  220        6130 
  221        6091 
  222        6147 
  223        5876 
  224        6047 
  225        5952 
  226        6100 
  227        6075 
  228        6052 
  229        6085 
  230        6082 
  231        6065 
  232        6176 
  233        5932 
  234        6029 
  235        5878 
  236        5966 
  237        5788 
  238        5680 
  239        5627 
  240        5689 
  241        5603 
  242        5671 
  243        5539 
  244        5484 
  245        5458 
  246        5479 
  247        5451 
  248        5650 
  249        5569 
  250        5645 
  251        5630 
  252        5775 
  253        5980 
  254        5724 
  255        5738 
  256        5617 
  257        5617 
  258        5483 
  259        5567 
  260        5497 
  261        5423 
  262        5555 
  263        5723 
  264        5538 
  265        5674 
  266        5818 
  267        5782 
  268        5983 
  269        5971 
  270        5877 
  271        6120 
  272        5921 
  273        5884 
  274        6137 
  275        6008 
  276        5996 
  277        6091 
  278        6095 
  279        5970 
  280        6041 
  281        5997 
  282        6030 
  283        5998 
  284        6164 
  285        6174 
  286        6151 
  287        5991 
  288        6037 
  289        6003 
  290        6156 
  291        6047 
  292        6055 
  293        6189 
  294        6169 
  295        5998 
  296        5933 
  297        6035 
  298        6133 
  299        6097 
  300        6021 
  301        6211 
  302        6112 
  303        6254 
  304        6178 
  305        6183 
  306        6178 
  307        6108 
  308        5988 
  309        6060 
  310        6178 
  311        6066 
  312        6007 
  313        5993 
  314        6030 
  315        6100 
  316        6056 
  317        6080 
  318        6056 
  319        6052 
  320        6034 
  321        6018 
  322        6092 
  323        6003 
  324        6172 
  325        6087 
  326        6105 
  327        6102 
  328        6056 
  329        5989 
  330        6092 
  331        6139 
  332        6198 
  333        6189 
  334        6003 
  335        6009 
  336        6069 
  337        6102 
  338        6003 
  339        6160 
  340        6014 
  341        6153 
  342        6097 
  343        5985 
  344        6196 
  345        6109 
  346        6087 
  347        5975 
  348        6108 
  349        6067 
  350        6207 
  351        6065 
  352        6076 
  353        6155 
  354        6172 
  355        6024 
  356        6235 
  357        5984 
  358        6066 
  359        6096 
  360        6177 
  361        6289 
  362        5872 
  363        6088 
  364        6201 
  365        6082 
  366        6074 
  367        6048 
  368        5964 
  369        6090 
  370        6105 
  371        6057 
  372        6081 
  373        5947 
  374        6108 
  375        6199 
  376        6042 
  377        6073 
  378        6159 
  379        6100 
  380        6103 
  381        6075 
  382        6022 
  383        6085 
  384        6234 
  385        6000 
  386        6094 
  387        6145 
  388        6111 
  389        6042 
  390        5964 
  391        5990 
  392        6219 
  393        6168 
  394        5998 
  395        6185 
  396        6014 
  397        5942 
  398        6142 
  399        6213 
  400        6190 
  401        6059 
  402        5998 
  403        6144 
  404        6088 
  405        6175 
  406        6228 
  407        6107 
  408        6153 
  409        6105 
  410        6175 
  411        6066 
  412        6165 
  413        6053 
  414        6045 
  415        6205 
  416        5972 
  417        6095 
  418        6101 
  419        6004 
  420        6081 
  421        6124 
  422        5958 
  423        5980 
  424        6037 
  425        6176 
  426        5943 
  427        5921 
  428        6142 
  429        6309 
  430        6155 
  431        6123 
  432        6124 
  433        6154 
  434        6066 
  435        6113 
  436        6030 
  437        5990 
  438        6116 
  439        6052 
  440        5988 
  441        5848 
  442        6047 
  443        6033 
  444        5990 
  445        5950 
  446        6030 
  447        6058 
  448        6009 
  449        5980 
  450        6091 
  451        6021 
  452        6156 
  453        5991 
  454        6194 
  455        5989 
  456        5918 
  457        6049 
  458        5971 
  459        6166 
  460        6089 
  461        6101 
  462        5958 
  463        6112 
  464        6130 
  465        5924 
  466        6018 
  467        6195 
  468        6218 
  469        6165 
  470        6051 
  471        5988 
  472        5964 
  473        6133 
  474        6063 
  475        6147 
  476        6137 
  477        5988 
  478        6063 
  479        6031 
  480        6177 
  481        6014 
  482        5880 
  483        5949 
  484        6249 
  485        6217 
  486        5986 
  487        6075 
  488        6038 
  489        6124 
  490        5939 
  491        6041 
  492        6151 
  493        6021 
  494        6042 
  495        6162 
  496        6141 
  497        6147 
  498        6028 
  499        6087 
  500        5960 
  501        6098 
  502        6142 
  503        6235 
  504        6039 
  505        6101 
  506        6026 
  507        6032 
  508        6204 
  509        6075 
  510        6217 
  511        6076 
  512        6086 
  513        5996 
  514        6020 
  515        5976 
  516        6161 
  517        5979 
  518        6145 
  519        5929 
  520        6072 
  521        6130 
  522        5936 
  523        5980 
  524        5882 
  525        6087 
  526        6038 
  527        6039 
  528        5946 
  529        6047 
  530        6123 
  531        6140 
  532        6127 
  533        5906 
  534        6105 
  535        5966 
  536        6075 
  537        5924 
  538        6087 
  539        6080 
  540        6033 
  541        6076 
  542        6008 
  543        6136 
  544        6044 
  545        6045 
  546        6200 
  547        6085 
  548        6008 
  549        6178 
  550        6185 
  551        6096 
  552        6051 
  553        6092 
  554        5961 
  555        5945 
  556        6007 
  557        6037 
  558        5962 
  559        6057 
  560        6075 
  561        6044 
  562        6212 
  563        6202 
  564        5959 
  565        6075 
  566        6175 
  567        5969 
  568        6131 
  569        6111 
  570        6007 
  571        5950 
  572        6156 
  573        6212 
  574        6084 
  575        6055 
  576        5991 
  577        5968 
  578        5974 
  579        6004 
  580        6029 
  581        6161 
  582        6137 
  583        6190 
  584        5948 
  585        6096 
  586        6016 
  587        5964 
  588        6099 
  589        5971 
  590        6098 
  591        5964 
  592        6076 
  593        6018 
  594        6048 
  595        6100 
  596        6196 
  597        6064 
  598        6221 
  599        6104 
  600        5968 
  601        6164 
  602        6145 
  603        5958 
  604        6168 
  605        6112 
  606        6158 
  607        5954 
  608        6095 
  609        5989 
  610        6072 
  611        6124 
  612        5989 
  613        6082 
  614        5902 
  615        6068 
  616        5886 
  617        6078 
  618        6224 
  619        6017 
  620        6080 
  621        6221 
  622        5998 
  623        6032 
  624        6104 
  625        5987 
  626        6030 
  627        5991 
  628        6081 
  629        5987 
  630        6129 
  631        6108 
  632        6139 
  633        6162 
  634        6170 
  635        6245 
  636        5977 
  637        6013 
  638        6083 
  639        6086 
  640        6049 
  641        6043 
  642        6081 
  643        6129 
  644        6148 
  645        6101 
  646        6090 
  647        6033 
  648        6108 
  649        6122 
  650        6039 
  651        6141 
  652        5852 
  653        6055 
  654        6083 
  655        6118 
  656        5952 
  657        5960 
  658        6126 
  659        6046 
  660        5992 
  661        6073 
  662        6113 
  663        6067 
  664        6109 
  665        6111 
  666        5932 
  667        6016 
  668        6133 
  669        6137 
  670        5997 
  671        6006 
  672        6027 
  673        6036 
  674        5891 
  675        6137 
  676        6008 
  677        6027 
  678        6030 
  679        6036 
  680        6046 
  681        6130 
  682        5975 
  683        6191 
  684        5879 
  685        6105 
  686        6147 
  687        6032 
  688        5921 
  689        6097 
  690        5969 
  691        6156 
  692        6127 
  693        5971 
  694        5925 
  695        6020 
  696        6124 
  697        6114 
  698        6028 
  699        5935 
  700        6102 
  701        6017 
  702        5960 
  703        6050 
  704        6062 
  705        6131 
  706        6166 
  707        6000 
  708        6137 
  709        6098 
  710        6124 
  711        6023 
  712        5921 
  713        6082 
  714        6028 
  715        6207 
  716        6108 
  717        6066 
  718        6104 
  719        6072 
  720        5920 
  721        6212 
  722        6128 
  723        6248 
  724        6054 
  725        6194 
  726        5915 
  727        6004 
  728        6209 
  729        6033 
  730        6134 
  731        6084 
  732        6037 
  733        6125 
  734        5949 
  735        6103 
  736        6043 
  737        6139 
  738        5918 
  739        6049 
  740        6030 
  741        6068 
  742        6144 
  743        6003 
  744        6024 
  745        6063 
  746        6035 
  747        6022 
  748        6030 
  749        6045 
  750        6050 
  751        6159 
  752        6053 
  753        5974 
  754        5791 
  755        6021 
  756        5956 
  757        5959 
  758        6121 
  759        5922 
  760        5812 
  761        5758 
  762        5648 
  763        5779 
  764        5568 
  765        5603 
  766        5407 
  767        5365 
  768        5497 
  769        5498 
  770        5530 
  771        5519 
  772        5711 
  773        5772 
  774        5821 
  775        5814 
  776        5641 
  777        5651 
  778        5506 
  779        5663 
  780        5419 
  781        5317 
  782        5476 
  783        5518 
  784        5524 
  785        5501 
  786        5642 
  787        5726 
  788        5594 
  789        5682 
  790        5702 
  791        5759 
  792        5923 
  793        6004 
  794        5930 
  795        6113 
  796        5986 
  797        6080 
  798        5926 
  799        5995 
  800        6026 
  801        6089 
  802        5975 
  803        5988 
  804        6028 
  805        5982 
  806        6077 
  807        6042 
  808        5893 
  809        5892 
  810        6090 
  811        6062 
  812        5972 
  813        5986 
  814        6002 
  815        6058 
  816        6005 
  817        6070 
  818        6096 
  819        6027 
  820        6082 
  821        5957 
  822        6052 
  823        6113 
  824        6090 
  825        6059 
  826        6060 
  827        6138 
  828        6122 
  829        5960 
  830        5984 
  831        6038 
  832        6031 
  833        5922 
  834        6210 
  835        6032 
  836        5960 
  837        6077 
  838        6002 
  839        6136 
  840        6206 
  841        6045 
  842        6031 
  843        6079 
  844        5914 
  845        5977 
  846        6083 
  847        6018 
  848        6073 
  849        5970 
  850        6032 
  851        6276 
  852        6050 
  853        6070 
  854        6127 
  855        6105 
  856        6059 
  857        6059 
  858        6012 
  859        6061 
  860        6070 
  861        6166 
  862        5923 
  863        6007 
  864        6010 
  865        6069 
  866        6159 
  867        6031 
  868        6022 
  869        5990 
  870        6019 
  871        6035 
  872        6034 
  873        5906 
  874        6124 
  875        6044 
  876        5963 
  877        6087 
  878        6076 
  879        6065 
  880        5966 
  881        6203 
  882        6182 
  883        5991 
  884        5963 
  885        6032 
  886        6010 
  887        6042 
  888        5888 
  889        6129 
  890        6135 
  891        6079 
  892        6055 
  893        6256 
  894        6016 
  895        6063 
  896        6124 
  897        6032 
  898        6047 
  899        5977 
  900        6039 
  901        6259 
  902        6039 
  903        6056 
  904        6083 
  905        6211 
  906        6014 
  907        6044 
  908        6015 
  909        6013 
  910        5947 
  911        6139 
  912        6268 
  913        6122 
  914        5979 
  915        5918 
  916        6112 
  917        6156 
  918        5886 
  919        6082 
  920        6085 
  921        6034 
  922        6060 
  923        6112 
  924        6008 
  925        6053 
  926        6078 
  927        6102 
  928        6076 
  929        6028 
  930        6125 
  931        5997 
  932        6171 
  933        5975 
  934        6212 
  935        5972 
  936        6019 
  937        6057 
  938        6022 
  939        6092 
  940        6147 
  941        6171 
  942        6108 
  943        6223 
  944        6154 
  945        6048 
  946        6120 
  947        6179 
  948        6027 
  949        6013 
  950        6098 
  951        6033 
  952        6179 
  953        6051 
  954        6096 
  955        5952 
  956        5934 
  957        6196 
  958        6043 
  959        6020 
  960        6077 
  961        5972 
  962        5968 
  963        6155 
  964        5891 
  965        6029 
  966        6072 
  967        5949 
  968        5985 
  969        6159 
  970        6220 
  971        6003 
  972        6049 
  973        6001 
  974        6173 
  975        5908 
  976        6051 
  977        5954 
  978        6078 
  979        6136 
  980        5995 
  981        5997 
  982        5956 
  983        6173 
  984        6028 
  985        6146 
  986        6066 
  987        6115 
  988        6098 
  989        6118 
  990        5978 
  991        6010 
  992        6121 
  993        5957 
  994        6065 
  995        6054 
  996        6219 
  997        6099 
  998        6007 
  999        6007 
 1000        6089 
 1001        6110 
 1002        5985 
 1003        5914 
 1004        6043 
 1005        6089 
 1006        5916 
 1007        6043 
 1008        6035 
 1009        6191 
 1010        6143 
 1011        5991 
 1012        6056 
 1013        6110 
 1014        6023 
 1015        6156 
 1016        6223 
 1017        6089 
 1018        6258 
 1019        6091 
 1020        6096 
 1021        6097 
 1022        5978 
 1023        6093 
 1024        6156 
