    1        5599 
    2        5524 
    3        5450 
    4        5495 
    5        5475 
    6        5549 
    7        5534 
    8        5648 
    9        5701 
   10        5602 
   11        5529 
   12        5506 
   13        5609 
   14        5561 
   15        5607 
   16        5547 
   17        5588 
   18        5597 
   19        5503 
   20        5540 
   21        5522 
   22        5493 
   23        5619 
   24        5626 
   25        5521 
   26        5660 
   27        5682 
   28        5637 
   29        5479 
   30        5675 
   31        5619 
   32        5721 
   33        5671 
   34        5660 
   35        5582 
   36        5657 
   37        5547 
   38        5504 
   39        5538 
   40        5601 
   41        5637 
   42        5676 
   43        5712 
   44        5612 
   45        5591 
   46        5608 
   47        5562 
   48        5626 
   49        5460 
   50        5540 
   51        5474 
   52        5619 
   53        5587 
   54        5602 
   55        5615 
   56        5551 
   57        5566 
   58        5531 
   59        5662 
   60        5712 
   61        5533 
   62        5598 
   63        5726 
   64        5563 
   65        5745 
   66        5633 
   67        5545 
   68        5717 
   69        5625 
   70        5573 
   71        5618 
   72        5441 
   73        5600 
   74        5627 
   75        5599 
   76        5542 
   77        5603 
   78        5589 
   79        5632 
   80        5496 
   81        5598 
   82        5640 
   83        5492 
   84        5494 
   85        5480 
   86        5594 
   87        5652 
   88        5590 
   89        5649 
   90        5628 
   91        5531 
   92        5699 
   93        5643 
   94        5511 
   95        5425 
   96        5637 
   97        5512 
   98        5510 
   99        5624 
  100        5595 
  101        5617 
  102        5661 
  103        5658 
  104        5637 
  105        5570 
  106        5535 
  107        5513 
  108        5660 
  109        5650 
  110        5529 
  111        5406 
  112        5617 
  113        5554 
  114        5715 
  115        5464 
  116        5424 
  117        5630 
  118        5541 
  119        5638 
  120        5505 
  121        5723 
  122        5628 
  123        5613 
  124        5552 
  125        5630 
  126        5695 
  127        5701 
  128        5578 
  129        5537 
  130        5590 
  131        5655 
  132        5560 
  133        5559 
  134        5661 
  135        5658 
  136        5662 
  137        5476 
  138        5696 
  139        5646 
  140        5451 
  141        5528 
  142        5708 
  143        5610 
  144        5764 
  145        5657 
  146        5701 
  147        5660 
  148        5628 
  149        5591 
  150        5650 
  151        5609 
  152        5451 
  153        5388 
  154        5817 
  155        5545 
  156        5495 
  157        5537 
  158        5682 
  159        5686 
  160        5603 
  161        5673 
  162        5488 
  163        5706 
  164        5699 
  165        5676 
  166        5520 
  167        5522 
  168        5599 
  169        5571 
  170        5654 
  171        5705 
  172        5649 
  173        5745 
  174        5627 
  175        5614 
  176        5457 
  177        5437 
  178        5534 
  179        5596 
  180        5692 
  181        5687 
  182        5632 
  183        5548 
  184        5573 
  185        5566 
  186        5579 
  187        5620 
  188        5542 
  189        5549 
  190        5607 
  191        5623 
  192        5566 
  193        5676 
  194        5547 
  195        5560 
  196        5555 
  197        5462 
  198        5543 
  199        5607 
  200        5530 
  201        5662 
  202        5688 
  203        5652 
  204        5772 
  205        5489 
  206        5634 
  207        5485 
  208        5610 
  209        5787 
  210        5598 
  211        5452 
  212        5568 
  213        5554 
  214        5724 
  215        5630 
  216        5499 
  217        5540 
  218        5526 
  219        5605 
  220        5548 
  221        5501 
  222        5678 
  223        5649 
  224        5545 
  225        5582 
  226        5785 
  227        5606 
  228        5603 
  229        5580 
  230        5510 
  231        5565 
  232        5604 
  233        5722 
  234        5648 
  235        5530 
  236        5627 
  237        5629 
  238        5602 
  239        5644 
  240        5655 
  241        5618 
  242        5554 
  243        5753 
  244        5572 
  245        5557 
  246        5543 
  247        5571 
  248        5340 
  249        5463 
  250        5488 
  251        5743 
  252        5496 
  253        5472 
  254        5508 
  255        5349 
  256        5373 
  257        5220 
  258        5140 
  259        5079 
  260        4929 
  261        4733 
  262        4761 
  263        4844 
  264        4804 
  265        4898 
  266        5024 
  267        5190 
  268        5333 
  269        5355 
  270        5424 
  271        5421 
  272        5570 
  273        5585 
  274        5519 
  275        5612 
  276        5658 
  277        5580 
  278        5476 
  279        5493 
  280        5428 
  281        5516 
  282        5659 
  283        5523 
  284        5676 
  285        5724 
  286        5545 
  287        5482 
  288        5557 
  289        5579 
  290        5628 
  291        5661 
  292        5618 
  293        5545 
  294        5637 
  295        5562 
  296        5625 
  297        5564 
  298        5684 
  299        5571 
  300        5520 
  301        5488 
  302        5642 
  303        5633 
  304        5571 
  305        5501 
  306        5619 
  307        5600 
  308        5668 
  309        5525 
  310        5694 
  311        5724 
  312        5783 
  313        5630 
  314        5685 
  315        5611 
  316        5567 
  317        5614 
  318        5594 
  319        5706 
  320        5579 
  321        5618 
  322        5648 
  323        5654 
  324        5633 
  325        5641 
  326        5662 
  327        5634 
  328        5612 
  329        5578 
  330        5566 
  331        5614 
  332        5504 
  333        5504 
  334        5457 
  335        5772 
  336        5638 
  337        5752 
  338        5472 
  339        5618 
  340        5612 
  341        5709 
  342        5636 
  343        5497 
  344        5740 
  345        5550 
  346        5633 
  347        5649 
  348        5603 
  349        5662 
  350        5524 
  351        5576 
  352        5715 
  353        5546 
  354        5761 
  355        5617 
  356        5647 
  357        5619 
  358        5699 
  359        5603 
  360        5666 
  361        5582 
  362        5664 
  363        5549 
  364        5479 
  365        5607 
  366        5646 
  367        5679 
  368        5520 
  369        5550 
  370        5719 
  371        5547 
  372        5619 
  373        5479 
  374        5611 
  375        5576 
  376        5528 
  377        5681 
  378        5476 
  379        5547 
  380        5673 
  381        5661 
  382        5697 
  383        5605 
  384        5586 
  385        5636 
  386        5639 
  387        5561 
  388        5567 
  389        5592 
  390        5634 
  391        5643 
  392        5631 
  393        5594 
  394        5611 
  395        5566 
  396        5642 
  397        5643 
  398        5561 
  399        5553 
  400        5573 
  401        5642 
  402        5541 
  403        5539 
  404        5625 
  405        5608 
  406        5588 
  407        5669 
  408        5735 
  409        5553 
  410        5676 
  411        5429 
  412        5715 
  413        5675 
  414        5504 
  415        5477 
  416        5706 
  417        5571 
  418        5647 
  419        5566 
  420        5593 
  421        5650 
  422        5543 
  423        5529 
  424        5750 
  425        5632 
  426        5652 
  427        5715 
  428        5508 
  429        5602 
  430        5499 
  431        5466 
  432        5589 
  433        5524 
  434        5589 
  435        5663 
  436        5601 
  437        5421 
  438        5609 
  439        5661 
  440        5696 
  441        5716 
  442        5476 
  443        5590 
  444        5672 
  445        5534 
  446        5706 
  447        5532 
  448        5624 
  449        5685 
  450        5569 
  451        5666 
  452        5408 
  453        5661 
  454        5380 
  455        5613 
  456        5648 
  457        5631 
  458        5489 
  459        5543 
  460        5675 
  461        5529 
  462        5611 
  463        5528 
  464        5441 
  465        5601 
  466        5560 
  467        5717 
  468        5627 
  469        5501 
  470        5626 
  471        5573 
  472        5533 
  473        5575 
  474        5600 
  475        5503 
  476        5671 
  477        5646 
  478        5584 
  479        5630 
  480        5632 
  481        5585 
  482        5674 
  483        5655 
  484        5648 
  485        5595 
  486        5530 
  487        5599 
  488        5603 
  489        5503 
  490        5572 
  491        5699 
  492        5461 
  493        5525 
  494        5533 
  495        5655 
  496        5562 
  497        5630 
  498        5498 
  499        5484 
  500        5616 
  501        5482 
  502        5540 
  503        5531 
  504        5604 
  505        5602 
  506        5662 
  507        5452 
  508        5587 
  509        5677 
  510        5646 
  511        5651 
  512        5604 
  513        5475 
  514        5607 
  515        5601 
  516        5632 
  517        5705 
  518        5590 
  519        5471 
  520        5731 
  521        5585 
  522        5570 
  523        5655 
  524        5564 
  525        5647 
  526        5628 
  527        5520 
  528        5570 
  529        5492 
  530        5631 
  531        5580 
  532        5575 
  533        5487 
  534        5413 
  535        5573 
  536        5581 
  537        5581 
  538        5733 
  539        5530 
  540        5575 
  541        5489 
  542        5505 
  543        5626 
  544        5716 
  545        5464 
  546        5578 
  547        5547 
  548        5611 
  549        5543 
  550        5557 
  551        5528 
  552        5714 
  553        5661 
  554        5676 
  555        5627 
  556        5550 
  557        5523 
  558        5509 
  559        5486 
  560        5521 
  561        5705 
  562        5616 
  563        5479 
  564        5515 
  565        5553 
  566        5679 
  567        5620 
  568        5498 
  569        5426 
  570        5547 
  571        5712 
  572        5535 
  573        5500 
  574        5421 
  575        5558 
  576        5710 
  577        5532 
  578        5641 
  579        5408 
  580        5747 
  581        5579 
  582        5670 
  583        5628 
  584        5421 
  585        5598 
  586        5578 
  587        5405 
  588        5541 
  589        5337 
  590        5494 
  591        5514 
  592        5616 
  593        5668 
  594        5601 
  595        5522 
  596        5466 
  597        5679 
  598        5553 
  599        5472 
  600        5395 
  601        5643 
  602        5621 
  603        5633 
  604        5448 
  605        5570 
  606        5586 
  607        5551 
  608        5692 
  609        5429 
  610        5612 
  611        5599 
  612        5388 
  613        5612 
  614        5642 
  615        5640 
  616        5540 
  617        5571 
  618        5586 
  619        5679 
  620        5642 
  621        5669 
  622        5452 
  623        5519 
  624        5463 
  625        5520 
  626        5571 
  627        5616 
  628        5490 
  629        5460 
  630        5459 
  631        5592 
  632        5650 
  633        5479 
  634        5514 
  635        5508 
  636        5453 
  637        5423 
  638        5610 
  639        5677 
  640        5489 
  641        5535 
  642        5535 
  643        5614 
  644        5546 
  645        5621 
  646        5503 
  647        5582 
  648        5542 
  649        5488 
  650        5619 
  651        5619 
  652        5602 
  653        5584 
  654        5678 
  655        5593 
  656        5523 
  657        5698 
  658        5443 
  659        5812 
  660        5607 
  661        5603 
  662        5599 
  663        5495 
  664        5609 
  665        5630 
  666        5562 
  667        5551 
  668        5610 
  669        5653 
  670        5469 
  671        5527 
  672        5621 
  673        5528 
  674        5638 
  675        5472 
  676        5534 
  677        5535 
  678        5552 
  679        5540 
  680        5389 
  681        5596 
  682        5533 
  683        5624 
  684        5550 
  685        5618 
  686        5563 
  687        5694 
  688        5542 
  689        5474 
  690        5519 
  691        5695 
  692        5599 
  693        5465 
  694        5573 
  695        5570 
  696        5492 
  697        5538 
  698        5446 
  699        5593 
  700        5567 
  701        5562 
  702        5696 
  703        5789 
  704        5641 
  705        5770 
  706        5529 
  707        5519 
  708        5642 
  709        5593 
  710        5543 
  711        5560 
  712        5631 
  713        5505 
  714        5656 
  715        5632 
  716        5660 
  717        5581 
  718        5520 
  719        5516 
  720        5552 
  721        5522 
  722        5568 
  723        5431 
  724        5560 
  725        5533 
  726        5443 
  727        5719 
  728        5526 
  729        5544 
  730        5474 
  731        5571 
  732        5648 
  733        5496 
  734        5551 
  735        5544 
  736        5607 
  737        5550 
  738        5524 
  739        5547 
  740        5611 
  741        5552 
  742        5486 
  743        5421 
  744        5547 
  745        5626 
  746        5534 
  747        5675 
  748        5609 
  749        5497 
  750        5488 
  751        5378 
  752        5443 
  753        5502 
  754        5568 
  755        5498 
  756        5410 
  757        5465 
  758        5418 
  759        5215 
  760        5179 
  761        5166 
  762        4832 
  763        4691 
  764        4737 
  765        4729 
  766        4765 
  767        4748 
  768        4934 
  769        5058 
  770        5191 
  771        5180 
  772        5285 
  773        5381 
  774        5374 
  775        5440 
  776        5492 
  777        5402 
  778        5466 
  779        5511 
  780        5545 
  781        5465 
  782        5613 
  783        5540 
  784        5612 
  785        5610 
  786        5587 
  787        5506 
  788        5768 
  789        5479 
  790        5504 
  791        5466 
  792        5755 
  793        5509 
  794        5601 
  795        5741 
  796        5452 
  797        5480 
  798        5627 
  799        5661 
  800        5382 
  801        5607 
  802        5526 
  803        5552 
  804        5432 
  805        5556 
  806        5492 
  807        5683 
  808        5510 
  809        5696 
  810        5596 
  811        5630 
  812        5477 
  813        5479 
  814        5558 
  815        5530 
  816        5598 
  817        5469 
  818        5531 
  819        5530 
  820        5499 
  821        5623 
  822        5491 
  823        5561 
  824        5471 
  825        5583 
  826        5473 
  827        5492 
  828        5580 
  829        5520 
  830        5545 
  831        5496 
  832        5670 
  833        5513 
  834        5411 
  835        5585 
  836        5560 
  837        5465 
  838        5493 
  839        5545 
  840        5495 
  841        5543 
  842        5622 
  843        5516 
  844        5580 
  845        5451 
  846        5530 
  847        5598 
  848        5525 
  849        5529 
  850        5462 
  851        5538 
  852        5565 
  853        5490 
  854        5558 
  855        5539 
  856        5519 
  857        5676 
  858        5551 
  859        5574 
  860        5575 
  861        5698 
  862        5554 
  863        5712 
  864        5500 
  865        5530 
  866        5542 
  867        5637 
  868        5510 
  869        5455 
  870        5518 
  871        5601 
  872        5512 
  873        5498 
  874        5601 
  875        5571 
  876        5557 
  877        5566 
  878        5763 
  879        5430 
  880        5543 
  881        5443 
  882        5625 
  883        5569 
  884        5552 
  885        5581 
  886        5395 
  887        5487 
  888        5592 
  889        5537 
  890        5525 
  891        5530 
  892        5514 
  893        5534 
  894        5625 
  895        5495 
  896        5540 
  897        5485 
  898        5497 
  899        5494 
  900        5597 
  901        5570 
  902        5604 
  903        5556 
  904        5671 
  905        5611 
  906        5429 
  907        5432 
  908        5682 
  909        5613 
  910        5556 
  911        5550 
  912        5714 
  913        5499 
  914        5588 
  915        5559 
  916        5562 
  917        5545 
  918        5530 
  919        5675 
  920        5595 
  921        5737 
  922        5638 
  923        5548 
  924        5521 
  925        5536 
  926        5607 
  927        5774 
  928        5703 
  929        5590 
  930        5520 
  931        5596 
  932        5508 
  933        5516 
  934        5470 
  935        5587 
  936        5564 
  937        5420 
  938        5698 
  939        5623 
  940        5617 
  941        5447 
  942        5702 
  943        5597 
  944        5600 
  945        5551 
  946        5554 
  947        5675 
  948        5496 
  949        5645 
  950        5556 
  951        5696 
  952        5616 
  953        5712 
  954        5633 
  955        5492 
  956        5669 
  957        5647 
  958        5593 
  959        5515 
  960        5543 
  961        5494 
  962        5653 
  963        5580 
  964        5625 
  965        5586 
  966        5618 
  967        5686 
  968        5707 
  969        5506 
  970        5659 
  971        5595 
  972        5652 
  973        5450 
  974        5618 
  975        5504 
  976        5517 
  977        5540 
  978        5540 
  979        5516 
  980        5496 
  981        5555 
  982        5462 
  983        5422 
  984        5614 
  985        5619 
  986        5459 
  987        5347 
  988        5466 
  989        5599 
  990        5606 
  991        5664 
  992        5487 
  993        5548 
  994        5472 
  995        5489 
  996        5572 
  997        5545 
  998        5567 
  999        5469 
 1000        5702 
 1001        5704 
 1002        5622 
 1003        5495 
 1004        5695 
 1005        5560 
 1006        5541 
 1007        5650 
 1008        5682 
 1009        5657 
 1010        5686 
 1011        5814 
 1012        5644 
 1013        5315 
 1014        5479 
 1015        5543 
 1016        5493 
 1017        5617 
 1018        5508 
 1019        5588 
 1020        5522 
 1021        5540 
 1022        5537 
 1023        5489 
 1024        5687 
