    1        6229 
    2        6185 
    3        6259 
    4        6208 
    5        6128 
    6        6298 
    7        6166 
    8        6160 
    9        6277 
   10        6253 
   11        6151 
   12        6158 
   13        6061 
   14        6209 
   15        6174 
   16        6317 
   17        6138 
   18        6176 
   19        6226 
   20        6220 
   21        6216 
   22        6173 
   23        6286 
   24        6280 
   25        6179 
   26        6304 
   27        6184 
   28        6184 
   29        6064 
   30        6166 
   31        6074 
   32        6269 
   33        6162 
   34        6203 
   35        6287 
   36        6230 
   37        6190 
   38        6097 
   39        6367 
   40        6100 
   41        6317 
   42        6044 
   43        6153 
   44        6166 
   45        6183 
   46        6258 
   47        6223 
   48        6212 
   49        6195 
   50        6344 
   51        6161 
   52        6387 
   53        6167 
   54        6302 
   55        6086 
   56        6313 
   57        6233 
   58        6295 
   59        6261 
   60        6146 
   61        6268 
   62        6255 
   63        6231 
   64        6255 
   65        6123 
   66        6260 
   67        6245 
   68        6085 
   69        6248 
   70        6198 
   71        6136 
   72        6150 
   73        6157 
   74        6048 
   75        6154 
   76        6124 
   77        6145 
   78        6160 
   79        6254 
   80        6240 
   81        6199 
   82        6151 
   83        6186 
   84        6220 
   85        6233 
   86        6234 
   87        6301 
   88        6155 
   89        6218 
   90        6239 
   91        6192 
   92        6268 
   93        6238 
   94        6139 
   95        6365 
   96        6143 
   97        6175 
   98        6348 
   99        6267 
  100        6437 
  101        6066 
  102        6068 
  103        6244 
  104        6065 
  105        6196 
  106        6313 
  107        6232 
  108        6235 
  109        6276 
  110        6306 
  111        6104 
  112        6216 
  113        6247 
  114        6272 
  115        6260 
  116        6208 
  117        5983 
  118        6230 
  119        6128 
  120        6092 
  121        6260 
  122        6231 
  123        6332 
  124        6218 
  125        6300 
  126        6273 
  127        6143 
  128        6221 
  129        6224 
  130        6278 
  131        6130 
  132        6269 
  133        6286 
  134        6290 
  135        6164 
  136        6223 
  137        5977 
  138        6061 
  139        5986 
  140        5935 
  141        5777 
  142        5822 
  143        5557 
  144        5859 
  145        5715 
  146        5842 
  147        5908 
  148        5927 
  149        5855 
  150        6067 
  151        6190 
  152        6094 
  153        6143 
  154        6063 
  155        6030 
  156        6214 
  157        6168 
  158        6195 
  159        6287 
  160        6164 
  161        6204 
  162        6064 
  163        6086 
  164        6216 
  165        6155 
  166        6144 
  167        6269 
  168        6085 
  169        6100 
  170        6187 
  171        6121 
  172        6174 
  173        6277 
  174        6208 
  175        6213 
  176        6199 
  177        6184 
  178        6135 
  179        6239 
  180        6198 
  181        6164 
  182        6292 
  183        6247 
  184        6177 
  185        6096 
  186        5967 
  187        6147 
  188        6116 
  189        5972 
  190        5992 
  191        5862 
  192        5903 
  193        5721 
  194        5788 
  195        5827 
  196        5902 
  197        5995 
  198        6064 
  199        6178 
  200        6174 
  201        6089 
  202        6197 
  203        6039 
  204        6250 
  205        6269 
  206        6217 
  207        6163 
  208        6212 
  209        6384 
  210        6226 
  211        6143 
  212        6222 
  213        6088 
  214        6146 
  215        6143 
  216        6234 
  217        6106 
  218        6280 
  219        6112 
  220        6208 
  221        6110 
  222        6167 
  223        6151 
  224        6103 
  225        6277 
  226        6362 
  227        6356 
  228        6122 
  229        6147 
  230        6073 
  231        6269 
  232        6313 
  233        6220 
  234        6283 
  235        6313 
  236        6251 
  237        6209 
  238        6217 
  239        6040 
  240        6066 
  241        5986 
  242        6021 
  243        5951 
  244        5858 
  245        6014 
  246        6044 
  247        6081 
  248        6092 
  249        6224 
  250        6108 
  251        6227 
  252        6174 
  253        6053 
  254        6103 
  255        6251 
  256        6105 
  257        6200 
  258        6051 
  259        6172 
  260        6195 
  261        6127 
  262        6213 
  263        6145 
  264        6213 
  265        6168 
  266        6178 
  267        6236 
  268        6121 
  269        6291 
  270        6217 
  271        6254 
  272        6296 
  273        6114 
  274        6326 
  275        6285 
  276        6216 
  277        5912 
  278        6001 
  279        5899 
  280        5861 
  281        5975 
  282        6141 
  283        6182 
  284        6071 
  285        6098 
  286        6206 
  287        6128 
  288        6210 
  289        6091 
  290        6342 
  291        6261 
  292        6268 
  293        6269 
  294        6242 
  295        6151 
  296        6162 
  297        6144 
  298        6041 
  299        6348 
  300        6284 
  301        6231 
  302        6028 
  303        6236 
  304        6178 
  305        6221 
  306        6102 
  307        6212 
  308        6302 
  309        6186 
  310        6275 
  311        6189 
  312        6153 
  313        6127 
  314        6158 
  315        6148 
  316        6282 
  317        6148 
  318        6145 
  319        6077 
  320        6071 
  321        6162 
  322        6169 
  323        6040 
  324        6205 
  325        6032 
  326        5791 
  327        5954 
  328        5711 
  329        5811 
  330        5820 
  331        5975 
  332        5942 
  333        6308 
  334        6017 
  335        6042 
  336        6164 
  337        6172 
  338        6240 
  339        6208 
  340        6179 
  341        6105 
  342        6078 
  343        6404 
  344        6214 
  345        6206 
  346        6312 
  347        6333 
  348        6224 
  349        6333 
  350        6232 
  351        6239 
  352        6274 
  353        6144 
  354        6136 
  355        6155 
  356        6095 
  357        6206 
  358        6191 
  359        6220 
  360        6189 
  361        6144 
  362        6161 
  363        6113 
  364        6106 
  365        6092 
  366        6107 
  367        6069 
  368        6017 
  369        6085 
  370        6186 
  371        6079 
  372        6030 
  373        5803 
  374        5851 
  375        5704 
  376        5803 
  377        5710 
  378        5800 
  379        5902 
  380        5911 
  381        5868 
  382        6009 
  383        6172 
  384        6194 
  385        6053 
  386        6126 
  387        6127 
  388        6198 
  389        6234 
  390        6076 
  391        6126 
  392        6244 
  393        6255 
  394        6158 
  395        6151 
  396        6219 
  397        6287 
  398        6227 
  399        6263 
  400        6175 
  401        6167 
  402        6158 
  403        6318 
  404        6148 
  405        6232 
  406        6221 
  407        6171 
  408        6193 
  409        6091 
  410        6129 
  411        6147 
  412        6211 
  413        6158 
  414        6265 
  415        6088 
  416        6089 
  417        6032 
  418        6272 
  419        6114 
  420        6203 
  421        6293 
  422        6278 
  423        6250 
  424        6324 
  425        6087 
  426        6163 
  427        6285 
  428        6173 
  429        5975 
  430        6281 
  431        6284 
  432        6129 
  433        6217 
  434        6196 
  435        6175 
  436        6200 
  437        6131 
  438        6196 
  439        6078 
  440        6278 
  441        6242 
  442        6077 
  443        6313 
  444        6229 
  445        6228 
  446        6211 
  447        6106 
  448        6226 
  449        6297 
  450        6202 
  451        6135 
  452        6277 
  453        6174 
  454        6175 
  455        6270 
  456        6278 
  457        6161 
  458        6226 
  459        6253 
  460        6197 
  461        6238 
  462        6138 
  463        6350 
  464        6167 
  465        6248 
  466        6201 
  467        6121 
  468        6074 
  469        6038 
  470        6198 
  471        6321 
  472        6339 
  473        6242 
  474        6204 
  475        6138 
  476        6322 
  477        6278 
  478        6183 
  479        6217 
  480        6116 
  481        6086 
  482        6027 
  483        6056 
  484        6216 
  485        6302 
  486        6305 
  487        6233 
  488        6133 
  489        6086 
  490        6128 
  491        6199 
  492        6244 
  493        6162 
  494        6202 
  495        6222 
  496        6270 
  497        6029 
  498        6238 
  499        6161 
  500        6348 
  501        6211 
  502        6115 
  503        6055 
  504        6059 
  505        6092 
  506        6193 
  507        6383 
  508        6220 
  509        6277 
  510        6118 
  511        6114 
  512        6151 
  513        6176 
  514        6273 
  515        6204 
  516        6094 
  517        6236 
  518        6323 
  519        6148 
  520        6193 
  521        6217 
  522        6213 
  523        6327 
  524        6177 
  525        6165 
  526        6134 
  527        6185 
  528        6190 
  529        6162 
  530        6194 
  531        6139 
  532        6314 
  533        6206 
  534        6217 
  535        6195 
  536        6136 
  537        6130 
  538        6438 
  539        6274 
  540        6177 
  541        6093 
  542        6165 
  543        6172 
  544        6126 
  545        6307 
  546        6219 
  547        6189 
  548        6184 
  549        6172 
  550        6158 
  551        6091 
  552        6209 
  553        6110 
  554        6170 
  555        6151 
  556        6258 
  557        6240 
  558        6102 
  559        6417 
  560        6247 
  561        6232 
  562        6207 
  563        6141 
  564        6165 
  565        6057 
  566        6330 
  567        6099 
  568        6127 
  569        6058 
  570        6093 
  571        6169 
  572        6085 
  573        6187 
  574        6208 
  575        6144 
  576        6214 
  577        6191 
  578        6175 
  579        6145 
  580        6159 
  581        6197 
  582        6102 
  583        6161 
  584        6221 
  585        6194 
  586        6182 
  587        6081 
  588        6145 
  589        6250 
  590        6205 
  591        6177 
  592        6181 
  593        6400 
  594        6255 
  595        5961 
  596        6176 
  597        6232 
  598        6309 
  599        6248 
  600        6185 
  601        6184 
  602        6195 
  603        6037 
  604        6191 
  605        6275 
  606        6163 
  607        6283 
  608        6181 
  609        6171 
  610        6110 
  611        6228 
  612        6316 
  613        6249 
  614        6166 
  615        6188 
  616        6161 
  617        6176 
  618        6047 
  619        6105 
  620        6249 
  621        6141 
  622        6287 
  623        6255 
  624        6175 
  625        6171 
  626        6164 
  627        6239 
  628        6118 
  629        6126 
  630        6213 
  631        6200 
  632        6217 
  633        6006 
  634        6166 
  635        6078 
  636        6205 
  637        6179 
  638        6198 
  639        6126 
  640        6124 
  641        6157 
  642        6144 
  643        6203 
  644        5937 
  645        6100 
  646        6220 
  647        5844 
  648        5948 
  649        5801 
  650        5783 
  651        5826 
  652        5751 
  653        5860 
  654        5861 
  655        6046 
  656        6011 
  657        6261 
  658        6150 
  659        6125 
  660        6092 
  661        5984 
  662        6124 
  663        6164 
  664        6136 
  665        6204 
  666        6245 
  667        6263 
  668        6243 
  669        6103 
  670        6220 
  671        6138 
  672        6169 
  673        6110 
  674        6164 
  675        6186 
  676        6335 
  677        6213 
  678        6323 
  679        6126 
  680        6074 
  681        6230 
  682        6239 
  683        6256 
  684        6185 
  685        6131 
  686        6164 
  687        6098 
  688        6118 
  689        6153 
  690        6125 
  691        5986 
  692        6048 
  693        6142 
  694        6035 
  695        6019 
  696        6000 
  697        5731 
  698        5847 
  699        5694 
  700        5781 
  701        5920 
  702        5946 
  703        6086 
  704        6017 
  705        6019 
  706        6173 
  707        6028 
  708        6337 
  709        6162 
  710        6146 
  711        6012 
  712        6152 
  713        6190 
  714        6186 
  715        6086 
  716        6306 
  717        6145 
  718        6220 
  719        6049 
  720        6084 
  721        6236 
  722        6156 
  723        6215 
  724        6223 
  725        6070 
  726        6072 
  727        6130 
  728        6138 
  729        6165 
  730        6214 
  731        6098 
  732        6096 
  733        6234 
  734        6205 
  735        6092 
  736        6190 
  737        6073 
  738        6123 
  739        6123 
  740        6151 
  741        5974 
  742        6142 
  743        6309 
  744        6080 
  745        6132 
  746        5795 
  747        5921 
  748        5834 
  749        5863 
  750        5921 
  751        6147 
  752        6093 
  753        6150 
  754        6112 
  755        6231 
  756        6133 
  757        6213 
  758        6174 
  759        6062 
  760        6213 
  761        6268 
  762        6153 
  763        6186 
  764        6146 
  765        6229 
  766        6205 
  767        6242 
  768        6191 
  769        6106 
  770        6215 
  771        6215 
  772        6167 
  773        6127 
  774        6009 
  775        6273 
  776        6063 
  777        6182 
  778        6172 
  779        6103 
  780        6097 
  781        6146 
  782        6049 
  783        5926 
  784        5812 
  785        5873 
  786        5949 
  787        5958 
  788        5954 
  789        6043 
  790        6150 
  791        6169 
  792        6149 
  793        6189 
  794        6092 
  795        6190 
  796        6257 
  797        6139 
  798        6169 
  799        6184 
  800        6212 
  801        6292 
  802        6097 
  803        6067 
  804        6146 
  805        6266 
  806        6311 
  807        6200 
  808        6108 
  809        6175 
  810        6165 
  811        6098 
  812        6079 
  813        6252 
  814        6125 
  815        6264 
  816        6237 
  817        6210 
  818        6121 
  819        6081 
  820        6204 
  821        6170 
  822        6089 
  823        6173 
  824        6178 
  825        6011 
  826        6177 
  827        5945 
  828        6046 
  829        6114 
  830        5966 
  831        5901 
  832        5871 
  833        5845 
  834        5724 
  835        5701 
  836        5917 
  837        6057 
  838        5841 
  839        6160 
  840        6085 
  841        5953 
  842        6166 
  843        6119 
  844        6055 
  845        6191 
  846        6155 
  847        6171 
  848        6196 
  849        6063 
  850        6167 
  851        6020 
  852        6068 
  853        6247 
  854        6074 
  855        6115 
  856        6143 
  857        6091 
  858        6196 
  859        6211 
  860        6308 
  861        6162 
  862        6038 
  863        6148 
  864        6236 
  865        6124 
  866        6258 
  867        6165 
  868        6164 
  869        6106 
  870        6109 
  871        5958 
  872        6137 
  873        6037 
  874        6087 
  875        6107 
  876        6092 
  877        6023 
  878        5964 
  879        5963 
  880        5801 
  881        5906 
  882        5663 
  883        5544 
  884        5805 
  885        5800 
  886        5697 
  887        5796 
  888        5949 
  889        5933 
  890        6055 
  891        6050 
  892        6053 
  893        6202 
  894        6146 
  895        6090 
  896        6176 
  897        6178 
  898        6145 
  899        6413 
  900        6148 
  901        6360 
  902        6087 
  903        6234 
  904        6193 
  905        6215 
  906        6123 
  907        6090 
  908        6168 
  909        6104 
  910        6219 
  911        6196 
  912        6231 
  913        6232 
  914        6274 
  915        6239 
  916        6285 
  917        6310 
  918        6168 
  919        6066 
  920        6254 
  921        6202 
  922        6101 
  923        6052 
  924        6245 
  925        6329 
  926        6279 
  927        6299 
  928        6200 
  929        6299 
  930        6227 
  931        6339 
  932        6161 
  933        6074 
  934        6219 
  935        6223 
  936        6105 
  937        6056 
  938        6103 
  939        6061 
  940        6107 
  941        6251 
  942        6121 
  943        6133 
  944        6218 
  945        6199 
  946        6295 
  947        6272 
  948        6347 
  949        6230 
  950        6278 
  951        6239 
  952        6254 
  953        6177 
  954        6113 
  955        6318 
  956        6224 
  957        6324 
  958        6226 
  959        6232 
  960        6174 
  961        6237 
  962        6089 
  963        6195 
  964        6000 
  965        6251 
  966        6123 
  967        6115 
  968        6259 
  969        6237 
  970        6072 
  971        6055 
  972        6181 
  973        6143 
  974        6345 
  975        6180 
  976        6166 
  977        6206 
  978        6157 
  979        6173 
  980        6178 
  981        6087 
  982        6135 
  983        6131 
  984        6098 
  985        6310 
  986        6191 
  987        6151 
  988        6226 
  989        6324 
  990        6225 
  991        6213 
  992        6151 
  993        6075 
  994        6165 
  995        6246 
  996        6295 
  997        6195 
  998        6092 
  999        6196 
 1000        6215 
 1001        6369 
 1002        6103 
 1003        6134 
 1004        6252 
 1005        6317 
 1006        6093 
 1007        6204 
 1008        6226 
 1009        6219 
 1010        6288 
 1011        6089 
 1012        6335 
 1013        6298 
 1014        6022 
 1015        6068 
 1016        6238 
 1017        6200 
 1018        6350 
 1019        6328 
 1020        6086 
 1021        6222 
 1022        6157 
 1023        6365 
 1024        6132 
