    1        1788 
    2        1791 
    3         686 
    4         682 
    5         682 
    6         684 
    7         680 
    8         678 
    9         669 
   10         658 
   11         653 
   12         649 
   13         649 
   14         635 
   15         640 
   16         632 
   17         623 
   18         627 
   19         619 
   20         623 
   21         622 
   22         623 
   23         628 
   24         623 
   25         627 
   26         622 
   27         618 
   28         618 
   29         613 
   30         612 
   31         607 
   32         601 
   33         588 
   34         592 
   35         596 
   36         591 
   37         571 
   38         577 
   39         574 
   40         571 
   41         573 
   42         569 
   43         573 
   44         565 
   45         564 
   46         565 
   47         565 
   48         559 
   49         559 
   50         553 
   51         552 
   52         544 
   53         539 
   54         540 
   55         540 
   56         534 
   57         533 
   58         530 
   59         522 
   60         530 
   61         513 
   62         517 
   63         513 
   64         519 
   65         512 
   66         509 
   67         509 
   68         510 
   69         506 
   70         498 
   71         497 
   72         493 
   73         493 
   74         489 
   75         481 
   76         479 
   77         475 
   78         481 
   79         472 
   80         473 
   81         464 
   82         465 
   83         461 
   84         460 
   85         460 
   86         462 
   87         451 
   88         452 
   89         442 
   90         449 
   91         448 
   92         432 
   93         434 
   94         435 
   95         438 
   96         425 
   97         433 
   98         422 
   99         419 
  100         425 
  101         418 
  102         411 
  103         406 
  104         411 
  105         412 
  106         408 
  107         404 
  108         393 
  109         400 
  110         396 
  111         390 
  112         383 
  113         384 
  114         386 
  115         378 
  116         371 
  117         377 
  118         372 
  119         365 
  120         366 
  121         364 
  122         357 
  123         358 
  124         355 
  125         351 
  126         357 
  127         348 
  128         345 
  129         343 
  130         342 
  131         334 
  132         337 
  133         337 
  134         327 
  135         323 
  136         315 
  137         318 
  138         323 
  139         321 
  140         311 
  141         314 
  142         313 
  143         301 
  144         310 
  145         301 
  146         302 
  147         291 
  148         298 
  149         283 
  150         290 
  151         289 
  152         283 
  153         281 
  154         276 
  155         267 
  156         274 
  157         264 
  158         265 
  159         267 
  160         258 
  161         256 
  162         255 
  163         259 
  164         254 
  165         243 
  166         240 
  167         250 
  168         232 
  169         237 
  170         235 
  171         231 
  172         234 
  173         230 
  174         223 
  175         220 
  176         218 
  177         211 
  178         212 
  179         215 
  180         213 
  181         203 
  182         206 
  183         196 
  184         205 
  185         195 
  186         187 
  187         190 
  188         185 
  189         185 
  190         188 
  191         177 
  192         172 
  193         181 
  194         165 
  195         180 
  196         158 
  197         170 
  198         149 
  199         163 
  200         152 
  201         153 
  202         150 
  203         148 
  204         141 
  205         142 
  206         140 
  207         141 
  208         139 
  209         130 
  210         129 
  211         128 
  212         127 
  213         125 
  214         116 
  215         116 
  216         115 
  217         112 
  218         103 
  219         112 
  220          98 
  221         105 
  222         104 
  223          95 
  224          85 
  225          91 
  226          89 
  227          78 
  228          80 
  229          78 
  230          80 
  231          74 
  232          69 
  233          69 
  234          69 
  235          66 
  236          60 
  237          53 
  238          55 
  239          56 
  240          51 
  241          49 
  242          37 
  243          46 
  244          36 
  245          38 
  246          37 
  247          27 
  248          33 
  249          25 
  250          26 
  251          22 
  252          16 
  253          18 
  254           9 
  255          16 
  256          14 
  257           7 
  258           2 
  259           3 
  260           1 
  261           0 
  262           6 
  263          13 
  264          12 
  265          16 
  266          18 
  267          23 
  268          23 
  269          27 
  270          27 
  271          41 
  272          33 
  273          41 
  274          35 
  275          50 
  276          45 
  277          48 
  278          48 
  279          59 
  280          60 
  281          61 
  282          62 
  283          73 
  284          62 
  285          71 
  286          73 
  287          76 
  288          73 
  289          84 
  290          90 
  291          84 
  292          84 
  293          96 
  294          91 
  295         100 
  296          95 
  297         103 
  298         101 
  299         108 
  300         116 
  301         110 
  302         117 
  303         126 
  304         120 
  305         118 
  306         125 
  307         126 
  308         130 
  309         141 
  310         134 
  311         147 
  312         143 
  313         148 
  314         144 
  315         151 
  316         163 
  317         148 
  318         161 
  319         161 
  320         166 
  321         169 
  322         172 
  323         168 
  324         185 
  325         167 
  326         179 
  327         189 
  328         174 
  329         193 
  330         187 
  331         192 
  332         197 
  333         202 
  334         204 
  335         203 
  336         211 
  337         211 
  338         207 
  339         218 
  340         219 
  341         221 
  342         227 
  343         232 
  344         227 
  345         234 
  346         234 
  347         238 
  348         236 
  349         243 
  350         248 
  351         242 
  352         252 
  353         259 
  354         259 
  355         257 
  356         263 
  357         270 
  358         259 
  359         271 
  360         268 
  361         272 
  362         273 
  363         280 
  364         285 
  365         286 
  366         286 
  367         293 
  368         294 
  369         293 
  370         301 
  371         298 
  372         301 
  373         306 
  374         309 
  375         319 
  376         316 
  377         313 
  378         313 
  379         325 
  380         331 
  381         336 
  382         337 
  383         337 
  384         342 
  385         341 
  386         339 
  387         344 
  388         347 
  389         348 
  390         353 
  391         362 
  392         356 
  393         366 
  394         359 
  395         372 
  396         368 
  397         374 
  398         369 
  399         383 
  400         384 
  401         374 
  402         372 
  403         387 
  404         397 
  405         392 
  406         392 
  407         397 
  408         401 
  409         404 
  410         406 
  411         408 
  412         412 
  413         408 
  414         418 
  415         418 
  416         429 
  417         424 
  418         425 
  419         429 
  420         436 
  421         439 
  422         442 
  423         440 
  424         447 
  425         450 
  426         444 
  427         450 
  428         454 
  429         463 
  430         461 
  431         461 
  432         470 
  433         468 
  434         474 
  435         475 
  436         476 
  437         480 
  438         479 
  439         487 
  440         485 
  441         489 
  442         484 
  443         498 
  444         492 
  445         506 
  446         493 
  447         512 
  448         507 
  449         509 
  450         510 
  451         520 
  452         517 
  453         523 
  454         525 
  455         526 
  456         534 
  457         531 
  458         538 
  459         537 
  460         539 
  461         543 
  462         545 
  463         547 
  464         555 
  465         556 
  466         552 
  467         569 
  468         565 
  469         561 
  470         567 
  471         570 
  472         569 
  473         579 
  474         588 
  475         577 
  476         583 
  477         588 
  478         597 
  479         594 
  480         594 
  481         593 
  482         603 
  483         602 
  484         604 
  485         610 
  486         609 
  487         612 
  488         621 
  489         618 
  490         616 
  491         627 
  492         627 
  493         633 
  494         628 
  495         632 
  496         636 
  497         643 
  498         645 
  499         642 
  500         650 
  501         651 
  502         654 
  503         661 
  504         660 
  505         663 
  506         668 
  507         667 
  508         668 
  509         674 
  510         676 
  511         674 
  512         683 
  513         674 
  514         687 
  515         688 
  516         685 
  517         688 
  518         687 
  519         687 
  520         683 
  521         679 
  522         667 
  523         657 
  524         651 
  525         653 
  526         646 
  527         634 
  528         634 
  529         636 
  530         632 
  531         629 
  532         621 
  533         625 
  534         632 
  535         625 
  536         624 
  537         625 
  538         629 
  539         633 
  540         623 
  541         616 
  542         617 
  543         610 
  544         601 
  545         603 
  546         599 
  547         595 
  548         584 
  549         574 
  550         581 
  551         582 
  552         574 
  553         566 
  554         579 
  555         571 
  556         562 
  557         583 
  558         569 
  559         569 
  560         563 
  561         567 
  562         558 
  563         551 
  564         546 
  565         546 
  566         542 
  567         541 
  568         534 
  569         534 
  570         528 
  571         523 
  572         521 
  573         517 
  574         522 
  575         520 
  576         520 
  577         514 
  578         506 
  579         515 
  580         509 
  581         506 
  582         504 
  583         500 
  584         494 
  585         496 
  586         492 
  587         489 
  588         482 
  589         480 
  590         480 
  591         471 
  592         473 
  593         468 
  594         474 
  595         465 
  596         467 
  597         460 
  598         456 
  599         455 
  600         445 
  601         446 
  602         455 
  603         446 
  604         441 
  605         441 
  606         440 
  607         431 
  608         432 
  609         425 
  610         421 
  611         418 
  612         419 
  613         419 
  614         410 
  615         412 
  616         411 
  617         406 
  618         397 
  619         404 
  620         404 
  621         397 
  622         401 
  623         391 
  624         391 
  625         384 
  626         378 
  627         376 
  628         378 
  629         368 
  630         362 
  631         372 
  632         359 
  633         367 
  634         363 
  635         353 
  636         358 
  637         355 
  638         347 
  639         347 
  640         344 
  641         346 
  642         345 
  643         339 
  644         339 
  645         334 
  646         334 
  647         332 
  648         323 
  649         317 
  650         314 
  651         317 
  652         311 
  653         312 
  654         303 
  655         304 
  656         303 
  657         296 
  658         297 
  659         291 
  660         294 
  661         287 
  662         289 
  663         285 
  664         274 
  665         274 
  666         276 
  667         270 
  668         269 
  669         265 
  670         264 
  671         269 
  672         259 
  673         259 
  674         250 
  675         246 
  676         254 
  677         247 
  678         238 
  679         240 
  680         241 
  681         235 
  682         229 
  683         234 
  684         222 
  685         224 
  686         227 
  687         215 
  688         213 
  689         217 
  690         205 
  691         206 
  692         203 
  693         199 
  694         202 
  695         188 
  696         197 
  697         192 
  698         185 
  699         187 
  700         182 
  701         186 
  702         180 
  703         178 
  704         170 
  705         174 
  706         163 
  707         167 
  708         159 
  709         165 
  710         154 
  711         156 
  712         147 
  713         147 
  714         140 
  715         147 
  716         143 
  717         142 
  718         141 
  719         126 
  720         134 
  721         125 
  722         126 
  723         124 
  724         120 
  725         118 
  726         115 
  727         107 
  728         115 
  729         106 
  730          99 
  731         100 
  732          97 
  733          93 
  734          94 
  735          86 
  736          88 
  737          79 
  738          85 
  739          77 
  740          78 
  741          67 
  742          69 
  743          73 
  744          66 
  745          61 
  746          57 
  747          56 
  748          58 
  749          51 
  750          48 
  751          45 
  752          47 
  753          39 
  754          43 
  755          34 
  756          38 
  757          33 
  758          27 
  759          27 
  760          22 
  761          23 
  762          20 
  763          13 
  764          14 
  765           5 
  766          12 
  767           4 
  768           2 
  769           0 
  770           0 
  771           2 
  772           5 
  773          16 
  774          15 
  775          18 
  776          20 
  777          31 
  778          25 
  779          26 
  780          37 
  781          29 
  782          39 
  783          41 
  784          39 
  785          51 
  786          51 
  787          44 
  788          56 
  789          50 
  790          63 
  791          58 
  792          67 
  793          61 
  794          61 
  795          75 
  796          71 
  797          81 
  798          78 
  799          83 
  800          82 
  801          91 
  802          83 
  803          97 
  804          92 
  805          96 
  806          95 
  807         101 
  808         110 
  809         101 
  810         106 
  811         114 
  812         106 
  813         124 
  814         128 
  815         119 
  816         125 
  817         129 
  818         131 
  819         140 
  820         135 
  821         139 
  822         137 
  823         144 
  824         151 
  825         147 
  826         152 
  827         157 
  828         158 
  829         157 
  830         165 
  831         159 
  832         172 
  833         164 
  834         175 
  835         179 
  836         179 
  837         170 
  838         186 
  839         188 
  840         187 
  841         199 
  842         194 
  843         200 
  844         198 
  845         200 
  846         205 
  847         205 
  848         215 
  849         218 
  850         213 
  851         225 
  852         217 
  853         216 
  854         235 
  855         226 
  856         231 
  857         237 
  858         237 
  859         234 
  860         245 
  861         247 
  862         250 
  863         246 
  864         252 
  865         255 
  866         261 
  867         253 
  868         262 
  869         270 
  870         276 
  871         268 
  872         270 
  873         273 
  874         277 
  875         279 
  876         284 
  877         287 
  878         287 
  879         289 
  880         292 
  881         291 
  882         300 
  883         298 
  884         310 
  885         302 
  886         316 
  887         314 
  888         311 
  889         318 
  890         319 
  891         323 
  892         328 
  893         330 
  894         332 
  895         337 
  896         335 
  897         340 
  898         337 
  899         345 
  900         352 
  901         344 
  902         348 
  903         355 
  904         363 
  905         360 
  906         364 
  907         361 
  908         376 
  909         372 
  910         375 
  911         382 
  912         371 
  913         378 
  914         380 
  915         393 
  916         392 
  917         386 
  918         386 
  919         399 
  920         399 
  921         405 
  922         403 
  923         406 
  924         408 
  925         412 
  926         423 
  927         416 
  928         422 
  929         429 
  930         425 
  931         427 
  932         430 
  933         431 
  934         434 
  935         439 
  936         439 
  937         443 
  938         445 
  939         448 
  940         450 
  941         452 
  942         463 
  943         457 
  944         467 
  945         464 
  946         466 
  947         479 
  948         475 
  949         475 
  950         478 
  951         489 
  952         482 
  953         488 
  954         489 
  955         486 
  956         492 
  957         493 
  958         494 
  959         505 
  960         503 
  961         505 
  962         505 
  963         516 
  964         515 
  965         515 
  966         513 
  967         528 
  968         524 
  969         528 
  970         534 
  971         536 
  972         534 
  973         542 
  974         533 
  975         553 
  976         545 
  977         548 
  978         551 
  979         551 
  980         555 
  981         565 
  982         558 
  983         560 
  984         567 
  985         574 
  986         572 
  987         570 
  988         578 
  989         583 
  990         582 
  991         583 
  992         587 
  993         592 
  994         594 
  995         597 
  996         599 
  997         600 
  998         603 
  999         599 
 1000         607 
 1001         613 
 1002         614 
 1003         618 
 1004         625 
 1005         621 
 1006         630 
 1007         622 
 1008         629 
 1009         631 
 1010         632 
 1011         634 
 1012         647 
 1013         650 
 1014         641 
 1015         647 
 1016         652 
 1017         661 
 1018         664 
 1019         666 
 1020         669 
 1021         672 
 1022         674 
 1023         675 
 1024         675 
