    1        4982 
    2        5188 
    3        5226 
    4        5163 
    5        5190 
    6        5117 
    7        5241 
    8        5199 
    9        5110 
   10        5167 
   11        5155 
   12        5030 
   13        5169 
   14        5170 
   15        5057 
   16        5136 
   17        5152 
   18        5197 
   19        5112 
   20        5157 
   21        5262 
   22        5115 
   23        5167 
   24        5159 
   25        5554 
   26        5221 
   27        5143 
   28        5233 
   29        5015 
   30        5216 
   31        5085 
   32        5120 
   33        5108 
   34        5150 
   35        5143 
   36        5165 
   37        5118 
   38        5158 
   39        5200 
   40        5195 
   41        5174 
   42        4988 
   43        5092 
   44        5149 
   45        5112 
   46        5125 
   47        5157 
   48        5121 
   49        5107 
   50        5200 
   51        5086 
   52        4961 
   53        5044 
   54        5092 
   55        5028 
   56        5002 
   57        5157 
   58        5188 
   59        5083 
   60        5107 
   61        5265 
   62        5081 
   63        4993 
   64        5004 
   65        5078 
   66        5117 
   67        5128 
   68        5189 
   69        5151 
   70        4968 
   71        5078 
   72        5051 
   73        5162 
   74        5082 
   75        5082 
   76        5114 
   77        5109 
   78        5147 
   79        5050 
   80        4947 
   81        5010 
   82        5111 
   83        5126 
   84        5081 
   85        5072 
   86        5175 
   87        5115 
   88        5072 
   89        5130 
   90        5124 
   91        5183 
   92        5013 
   93        5227 
   94        5103 
   95        5323 
   96        5167 
   97        5193 
   98        5236 
   99        5144 
  100        5244 
  101        4992 
  102        5080 
  103        5241 
  104        5195 
  105        5148 
  106        5136 
  107        5014 
  108        5153 
  109        5136 
  110        5090 
  111        5155 
  112        5074 
  113        5124 
  114        5108 
  115        4938 
  116        5120 
  117        5148 
  118        5077 
  119        5074 
  120        5153 
  121        5155 
  122        5196 
  123        5064 
  124        5148 
  125        5099 
  126        5060 
  127        5164 
  128        5279 
  129        5148 
  130        5085 
  131        5105 
  132        5137 
  133        5168 
  134        5073 
  135        5165 
  136        5150 
  137        5036 
  138        4891 
  139        5110 
  140        5011 
  141        5163 
  142        5329 
  143        5156 
  144        5087 
  145        5046 
  146        5202 
  147        5127 
  148        5118 
  149        5208 
  150        5207 
  151        5144 
  152        5017 
  153        5167 
  154        5075 
  155        5169 
  156        5237 
  157        5100 
  158        5174 
  159        5062 
  160        5110 
  161        5087 
  162        5102 
  163        5028 
  164        5090 
  165        5156 
  166        5144 
  167        5096 
  168        5111 
  169        5039 
  170        4850 
  171        5127 
  172        5189 
  173        4972 
  174        4959 
  175        5084 
  176        5057 
  177        5077 
  178        5117 
  179        5158 
  180        5083 
  181        5050 
  182        5074 
  183        5068 
  184        5011 
  185        5135 
  186        5197 
  187        5037 
  188        5179 
  189        5157 
  190        5158 
  191        5056 
  192        5106 
  193        4893 
  194        5087 
  195        5036 
  196        5029 
  197        5060 
  198        4939 
  199        4871 
  200        4812 
  201        4824 
  202        4588 
  203        4721 
  204        4689 
  205        4711 
  206        4766 
  207        4877 
  208        4938 
  209        4958 
  210        4937 
  211        5012 
  212        4855 
  213        5120 
  214        4914 
  215        5037 
  216        5098 
  217        5059 
  218        5158 
  219        4996 
  220        5065 
  221        4949 
  222        5067 
  223        5149 
  224        5106 
  225        5145 
  226        5215 
  227        5031 
  228        5115 
  229        5306 
  230        5207 
  231        5118 
  232        5161 
  233        5160 
  234        5124 
  235        5204 
  236        5007 
  237        5128 
  238        5147 
  239        5083 
  240        5033 
  241        5164 
  242        5147 
  243        5096 
  244        5104 
  245        5055 
  246        5245 
  247        5180 
  248        5103 
  249        5174 
  250        5037 
  251        5256 
  252        5131 
  253        5108 
  254        5100 
  255        5152 
  256        4869 
  257        5021 
  258        5087 
  259        4824 
  260        4843 
  261        4865 
  262        4665 
  263        4577 
  264        4570 
  265        4528 
  266        4616 
  267        4800 
  268        4878 
  269        5112 
  270        4984 
  271        5093 
  272        5081 
  273        5001 
  274        5119 
  275        5013 
  276        5131 
  277        4974 
  278        5282 
  279        5186 
  280        5186 
  281        5127 
  282        5161 
  283        5014 
  284        4975 
  285        5048 
  286        5084 
  287        5177 
  288        5220 
  289        5143 
  290        5155 
  291        5164 
  292        5229 
  293        5076 
  294        5142 
  295        5179 
  296        5107 
  297        5157 
  298        5215 
  299        5194 
  300        5142 
  301        5124 
  302        5186 
  303        5064 
  304        5172 
  305        5237 
  306        5160 
  307        5043 
  308        5171 
  309        5042 
  310        5240 
  311        5127 
  312        5114 
  313        5188 
  314        5141 
  315        5083 
  316        5085 
  317        5181 
  318        5064 
  319        5113 
  320        5179 
  321        5166 
  322        5091 
  323        5033 
  324        5161 
  325        5135 
  326        5155 
  327        5174 
  328        5112 
  329        4981 
  330        5170 
  331        5151 
  332        5128 
  333        5082 
  334        5097 
  335        5146 
  336        4945 
  337        5112 
  338        5126 
  339        5253 
  340        5244 
  341        5128 
  342        5078 
  343        5155 
  344        5044 
  345        4977 
  346        5167 
  347        5160 
  348        5097 
  349        5112 
  350        5148 
  351        5133 
  352        5127 
  353        5106 
  354        5088 
  355        5105 
  356        5012 
  357        5139 
  358        5042 
  359        5126 
  360        5106 
  361        5233 
  362        5025 
  363        5206 
  364        4974 
  365        5049 
  366        5111 
  367        4968 
  368        5157 
  369        5089 
  370        5207 
  371        5153 
  372        5178 
  373        5226 
  374        5050 
  375        5091 
  376        5119 
  377        5145 
  378        5254 
  379        5178 
  380        5134 
  381        5137 
  382        5030 
  383        5086 
  384        5139 
  385        5116 
  386        5200 
  387        5141 
  388        5142 
  389        5117 
  390        5005 
  391        5009 
  392        5055 
  393        5195 
  394        5059 
  395        5235 
  396        5037 
  397        5087 
  398        5095 
  399        5074 
  400        5168 
  401        5120 
  402        5078 
  403        5188 
  404        5075 
  405        5363 
  406        5060 
  407        5078 
  408        5016 
  409        5045 
  410        5167 
  411        5135 
  412        5092 
  413        5027 
  414        5141 
  415        5243 
  416        5069 
  417        5137 
  418        5086 
  419        5100 
  420        5170 
  421        5218 
  422        5217 
  423        5060 
  424        5054 
  425        5082 
  426        5112 
  427        5062 
  428        4957 
  429        5100 
  430        5016 
  431        5181 
  432        5212 
  433        5091 
  434        5134 
  435        5136 
  436        5179 
  437        5177 
  438        5166 
  439        5178 
  440        5067 
  441        5081 
  442        4954 
  443        5085 
  444        5158 
  445        5008 
  446        5104 
  447        5043 
  448        5062 
  449        5219 
  450        5233 
  451        5042 
  452        5004 
  453        5163 
  454        5105 
  455        5232 
  456        5131 
  457        5073 
  458        5027 
  459        5165 
  460        5184 
  461        5176 
  462        5185 
  463        5104 
  464        5161 
  465        5064 
  466        5143 
  467        5190 
  468        5214 
  469        5087 
  470        5070 
  471        5082 
  472        5114 
  473        5110 
  474        5073 
  475        5137 
  476        5086 
  477        5106 
  478        5081 
  479        5055 
  480        5270 
  481        5022 
  482        5032 
  483        5166 
  484        5003 
  485        5081 
  486        5110 
  487        5283 
  488        5119 
  489        5114 
  490        5093 
  491        5193 
  492        5194 
  493        5067 
  494        5092 
  495        5170 
  496        5185 
  497        5060 
  498        5082 
  499        5150 
  500        5195 
  501        5103 
  502        5034 
  503        5137 
  504        5185 
  505        5076 
  506        5110 
  507        5096 
  508        5089 
  509        5138 
  510        5142 
  511        5123 
  512        5099 
  513        5263 
  514        5114 
  515        5182 
  516        5056 
  517        5159 
  518        5133 
  519        5121 
  520        5221 
  521        5088 
  522        5189 
  523        5166 
  524        4949 
  525        5037 
  526        5048 
  527        5080 
  528        5198 
  529        4915 
  530        5157 
  531        5099 
  532        5158 
  533        5153 
  534        5310 
  535        5164 
  536        5220 
  537        5046 
  538        5115 
  539        5059 
  540        5122 
  541        5016 
  542        5177 
  543        5074 
  544        4930 
  545        5059 
  546        5143 
  547        4991 
  548        5071 
  549        5157 
  550        5037 
  551        5275 
  552        5209 
  553        5091 
  554        5020 
  555        5082 
  556        5117 
  557        5121 
  558        5132 
  559        5102 
  560        5084 
  561        5181 
  562        5081 
  563        5068 
  564        5200 
  565        5181 
  566        5141 
  567        5112 
  568        5224 
  569        5100 
  570        5138 
  571        5152 
  572        5219 
  573        5101 
  574        5096 
  575        5179 
  576        5167 
  577        5094 
  578        5059 
  579        5169 
  580        4974 
  581        5103 
  582        5144 
  583        5129 
  584        5000 
  585        5034 
  586        5096 
  587        5201 
  588        5012 
  589        5047 
  590        5002 
  591        5139 
  592        5131 
  593        5010 
  594        5140 
  595        5146 
  596        5324 
  597        5098 
  598        5044 
  599        5113 
  600        5080 
  601        4995 
  602        5054 
  603        5041 
  604        5091 
  605        4977 
  606        5157 
  607        5182 
  608        4986 
  609        5129 
  610        5169 
  611        5077 
  612        5141 
  613        5103 
  614        5029 
  615        5025 
  616        5070 
  617        5013 
  618        5183 
  619        5134 
  620        5100 
  621        5043 
  622        5124 
  623        5071 
  624        5213 
  625        5237 
  626        5125 
  627        5163 
  628        5064 
  629        5063 
  630        5049 
  631        5096 
  632        5059 
  633        5086 
  634        5039 
  635        5036 
  636        5156 
  637        5137 
  638        5192 
  639        5161 
  640        5053 
  641        5112 
  642        5300 
  643        5185 
  644        5076 
  645        5095 
  646        5136 
  647        5148 
  648        4957 
  649        5051 
  650        5141 
  651        5095 
  652        5078 
  653        5102 
  654        5031 
  655        5168 
  656        5058 
  657        5006 
  658        5069 
  659        5109 
  660        4985 
  661        5005 
  662        5042 
  663        5112 
  664        5143 
  665        4979 
  666        5137 
  667        5107 
  668        5031 
  669        5165 
  670        5163 
  671        5122 
  672        5066 
  673        5078 
  674        5154 
  675        5122 
  676        5065 
  677        5158 
  678        5117 
  679        5147 
  680        5155 
  681        5172 
  682        5084 
  683        5065 
  684        5087 
  685        5148 
  686        5166 
  687        5144 
  688        5157 
  689        5085 
  690        5076 
  691        5143 
  692        5068 
  693        5085 
  694        5139 
  695        5154 
  696        5175 
  697        5048 
  698        5094 
  699        5152 
  700        4906 
  701        5049 
  702        5091 
  703        5050 
  704        5127 
  705        5156 
  706        5044 
  707        5100 
  708        4996 
  709        5069 
  710        5057 
  711        5012 
  712        5007 
  713        5207 
  714        5280 
  715        5157 
  716        4995 
  717        4865 
  718        5087 
  719        4948 
  720        5160 
  721        5071 
  722        5016 
  723        5021 
  724        5207 
  725        5196 
  726        5125 
  727        5169 
  728        5042 
  729        5041 
  730        5081 
  731        5027 
  732        5096 
  733        5177 
  734        5079 
  735        5082 
  736        5091 
  737        5102 
  738        5216 
  739        5093 
  740        5089 
  741        5054 
  742        5038 
  743        5193 
  744        5058 
  745        5010 
  746        5083 
  747        5129 
  748        5045 
  749        5195 
  750        5210 
  751        5076 
  752        4936 
  753        4985 
  754        5084 
  755        5125 
  756        5031 
  757        4965 
  758        4908 
  759        4969 
  760        4899 
  761        4703 
  762        4693 
  763        4416 
  764        4482 
  765        4503 
  766        4866 
  767        4835 
  768        4831 
  769        4953 
  770        5039 
  771        5047 
  772        5049 
  773        5073 
  774        5007 
  775        5109 
  776        5010 
  777        5180 
  778        4986 
  779        5018 
  780        5002 
  781        5177 
  782        5244 
  783        5105 
  784        5142 
  785        5164 
  786        4968 
  787        5160 
  788        5161 
  789        5134 
  790        5001 
  791        5018 
  792        5019 
  793        5092 
  794        5137 
  795        5235 
  796        5147 
  797        5100 
  798        5092 
  799        5186 
  800        5078 
  801        5118 
  802        4836 
  803        5059 
  804        5106 
  805        5116 
  806        4997 
  807        4944 
  808        5136 
  809        5026 
  810        5039 
  811        5058 
  812        5139 
  813        5116 
  814        5064 
  815        4941 
  816        5038 
  817        4851 
  818        4953 
  819        4841 
  820        4776 
  821        4616 
  822        4634 
  823        4523 
  824        4572 
  825        4882 
  826        4652 
  827        4913 
  828        4865 
  829        4812 
  830        5030 
  831        5047 
  832        4991 
  833        4984 
  834        5039 
  835        4985 
  836        5137 
  837        5130 
  838        5157 
  839        5018 
  840        5202 
  841        4868 
  842        5083 
  843        5125 
  844        5127 
  845        5024 
  846        5184 
  847        5071 
  848        5043 
  849        5103 
  850        5079 
  851        5144 
  852        4942 
  853        5010 
  854        5108 
  855        5054 
  856        5126 
  857        5098 
  858        5062 
  859        5173 
  860        5105 
  861        5041 
  862        5100 
  863        5216 
  864        5055 
  865        5085 
  866        5107 
  867        5078 
  868        5044 
  869        5102 
  870        5109 
  871        5079 
  872        5167 
  873        5076 
  874        5115 
  875        5169 
  876        5031 
  877        5101 
  878        5035 
  879        5066 
  880        5134 
  881        5170 
  882        4999 
  883        5076 
  884        5208 
  885        5104 
  886        5208 
  887        5015 
  888        5082 
  889        5075 
  890        5122 
  891        5139 
  892        5144 
  893        5166 
  894        5213 
  895        5133 
  896        5267 
  897        5048 
  898        5019 
  899        5176 
  900        5178 
  901        4999 
  902        5101 
  903        5102 
  904        4996 
  905        5130 
  906        5074 
  907        5065 
  908        5053 
  909        5168 
  910        5113 
  911        5142 
  912        5020 
  913        5089 
  914        5172 
  915        5139 
  916        5138 
  917        5030 
  918        5106 
  919        5105 
  920        4938 
  921        5208 
  922        5075 
  923        5205 
  924        5307 
  925        5053 
  926        5025 
  927        5076 
  928        5155 
  929        5233 
  930        5164 
  931        5155 
  932        5030 
  933        5195 
  934        5087 
  935        5118 
  936        5140 
  937        5108 
  938        4930 
  939        5211 
  940        5029 
  941        5139 
  942        5061 
  943        5044 
  944        5098 
  945        5096 
  946        5115 
  947        5036 
  948        5166 
  949        5004 
  950        5140 
  951        5175 
  952        5009 
  953        5206 
  954        5128 
  955        5029 
  956        4950 
  957        5069 
  958        5114 
  959        5047 
  960        4998 
  961        5195 
  962        5102 
  963        5068 
  964        5063 
  965        5161 
  966        5117 
  967        5242 
  968        5056 
  969        5071 
  970        5087 
  971        5165 
  972        5165 
  973        5044 
  974        5118 
  975        5065 
  976        5053 
  977        5075 
  978        5121 
  979        4994 
  980        5104 
  981        5153 
  982        5010 
  983        5025 
  984        5158 
  985        5172 
  986        5052 
  987        5141 
  988        5177 
  989        5113 
  990        5202 
  991        4992 
  992        5027 
  993        4954 
  994        5084 
  995        5104 
  996        5072 
  997        5128 
  998        5085 
  999        5107 
 1000        5153 
 1001        4936 
 1002        5029 
 1003        5004 
 1004        5095 
 1005        5131 
 1006        5021 
 1007        5044 
 1008        5104 
 1009        5154 
 1010        5064 
 1011        5160 
 1012        5018 
 1013        5179 
 1014        5075 
 1015        5160 
 1016        5233 
 1017        5095 
 1018        5151 
 1019        5200 
 1020        5154 
 1021        4988 
 1022        5140 
 1023        5143 
 1024        5239 
